CRITICAL - 2022-04-05 00:45:26 --> Invalid file: templates/header.php
#0 C:\xampp\htdocs\bismillah_pa\vendor\codeigniter4\framework\system\View\View.php(198): CodeIgniter\Exceptions\FrameworkException::forInvalidFile('templates/heade...')
#1 C:\xampp\htdocs\bismillah_pa\vendor\codeigniter4\framework\system\Common.php(1089): CodeIgniter\View\View->render('templates/heade...', Array, true)
#2 C:\xampp\htdocs\bismillah_pa\app\Controllers\Home.php(9): view('templates/heade...')
#3 C:\xampp\htdocs\bismillah_pa\vendor\codeigniter4\framework\system\CodeIgniter.php(832): App\Controllers\Home->index()
#4 C:\xampp\htdocs\bismillah_pa\vendor\codeigniter4\framework\system\CodeIgniter.php(419): CodeIgniter\CodeIgniter->runController(Object(App\Controllers\Home))
#5 C:\xampp\htdocs\bismillah_pa\vendor\codeigniter4\framework\system\CodeIgniter.php(326): CodeIgniter\CodeIgniter->handleRequest(NULL, Object(Config\Cache), false)
#6 C:\xampp\htdocs\bismillah_pa\public\index.php(37): CodeIgniter\CodeIgniter->run()
#7 C:\xampp\htdocs\bismillah_pa\vendor\codeigniter4\framework\system\Commands\Server\rewrite.php(43): require_once('C:\\xampp\\htdocs...')
#8 {main}
CRITICAL - 2022-04-05 00:45:33 --> Invalid file: templates/header.php
#0 C:\xampp\htdocs\bismillah_pa\vendor\codeigniter4\framework\system\View\View.php(198): CodeIgniter\Exceptions\FrameworkException::forInvalidFile('templates/heade...')
#1 C:\xampp\htdocs\bismillah_pa\vendor\codeigniter4\framework\system\Common.php(1089): CodeIgniter\View\View->render('templates/heade...', Array, true)
#2 C:\xampp\htdocs\bismillah_pa\app\Controllers\pages.php(9): view('templates/heade...')
#3 C:\xampp\htdocs\bismillah_pa\vendor\codeigniter4\framework\system\CodeIgniter.php(832): App\Controllers\Pages->index()
#4 C:\xampp\htdocs\bismillah_pa\vendor\codeigniter4\framework\system\CodeIgniter.php(419): CodeIgniter\CodeIgniter->runController(Object(App\Controllers\Pages))
#5 C:\xampp\htdocs\bismillah_pa\vendor\codeigniter4\framework\system\CodeIgniter.php(326): CodeIgniter\CodeIgniter->handleRequest(NULL, Object(Config\Cache), false)
#6 C:\xampp\htdocs\bismillah_pa\public\index.php(37): CodeIgniter\CodeIgniter->run()
#7 C:\xampp\htdocs\bismillah_pa\vendor\codeigniter4\framework\system\Commands\Server\rewrite.php(43): require_once('C:\\xampp\\htdocs...')
#8 {main}
CRITICAL - 2022-04-05 00:46:23 --> Invalid file: templates/header.php
#0 C:\xampp\htdocs\bismillah_pa\vendor\codeigniter4\framework\system\View\View.php(198): CodeIgniter\Exceptions\FrameworkException::forInvalidFile('templates/heade...')
#1 C:\xampp\htdocs\bismillah_pa\vendor\codeigniter4\framework\system\Common.php(1089): CodeIgniter\View\View->render('templates/heade...', Array, true)
#2 C:\xampp\htdocs\bismillah_pa\app\Controllers\pages.php(9): view('templates/heade...')
#3 C:\xampp\htdocs\bismillah_pa\vendor\codeigniter4\framework\system\CodeIgniter.php(832): App\Controllers\Pages->index()
#4 C:\xampp\htdocs\bismillah_pa\vendor\codeigniter4\framework\system\CodeIgniter.php(419): CodeIgniter\CodeIgniter->runController(Object(App\Controllers\Pages))
#5 C:\xampp\htdocs\bismillah_pa\vendor\codeigniter4\framework\system\CodeIgniter.php(326): CodeIgniter\CodeIgniter->handleRequest(NULL, Object(Config\Cache), false)
#6 C:\xampp\htdocs\bismillah_pa\public\index.php(37): CodeIgniter\CodeIgniter->run()
#7 C:\xampp\htdocs\bismillah_pa\vendor\codeigniter4\framework\system\Commands\Server\rewrite.php(43): require_once('C:\\xampp\\htdocs...')
#8 {main}
CRITICAL - 2022-04-05 00:48:03 --> Invalid file: templates/header.php
#0 C:\xampp\htdocs\bismillah_pa\vendor\codeigniter4\framework\system\View\View.php(198): CodeIgniter\Exceptions\FrameworkException::forInvalidFile('templates/heade...')
#1 C:\xampp\htdocs\bismillah_pa\vendor\codeigniter4\framework\system\Common.php(1089): CodeIgniter\View\View->render('templates/heade...', Array, true)
#2 C:\xampp\htdocs\bismillah_pa\app\Controllers\pages.php(9): view('templates/heade...')
#3 C:\xampp\htdocs\bismillah_pa\vendor\codeigniter4\framework\system\CodeIgniter.php(832): App\Controllers\Pages->index()
#4 C:\xampp\htdocs\bismillah_pa\vendor\codeigniter4\framework\system\CodeIgniter.php(419): CodeIgniter\CodeIgniter->runController(Object(App\Controllers\Pages))
#5 C:\xampp\htdocs\bismillah_pa\vendor\codeigniter4\framework\system\CodeIgniter.php(326): CodeIgniter\CodeIgniter->handleRequest(NULL, Object(Config\Cache), false)
#6 C:\xampp\htdocs\bismillah_pa\public\index.php(37): CodeIgniter\CodeIgniter->run()
#7 C:\xampp\htdocs\bismillah_pa\vendor\codeigniter4\framework\system\Commands\Server\rewrite.php(43): require_once('C:\\xampp\\htdocs...')
#8 {main}
CRITICAL - 2022-04-05 00:51:02 --> Invalid file: templates/header.php
#0 C:\xampp\htdocs\bismillah_pa\vendor\codeigniter4\framework\system\View\View.php(198): CodeIgniter\Exceptions\FrameworkException::forInvalidFile('templates/heade...')
#1 C:\xampp\htdocs\bismillah_pa\vendor\codeigniter4\framework\system\Common.php(1089): CodeIgniter\View\View->render('templates/heade...', Array, true)
#2 C:\xampp\htdocs\bismillah_pa\app\Controllers\pages.php(9): view('templates/heade...')
#3 C:\xampp\htdocs\bismillah_pa\vendor\codeigniter4\framework\system\CodeIgniter.php(832): App\Controllers\Pages->index()
#4 C:\xampp\htdocs\bismillah_pa\vendor\codeigniter4\framework\system\CodeIgniter.php(419): CodeIgniter\CodeIgniter->runController(Object(App\Controllers\Pages))
#5 C:\xampp\htdocs\bismillah_pa\vendor\codeigniter4\framework\system\CodeIgniter.php(326): CodeIgniter\CodeIgniter->handleRequest(NULL, Object(Config\Cache), false)
#6 C:\xampp\htdocs\bismillah_pa\public\index.php(37): CodeIgniter\CodeIgniter->run()
#7 C:\xampp\htdocs\bismillah_pa\vendor\codeigniter4\framework\system\Commands\Server\rewrite.php(43): require_once('C:\\xampp\\htdocs...')
#8 {main}
CRITICAL - 2022-04-05 01:22:20 --> Invalid file: templates/index.php
#0 C:\xampp\htdocs\bismillah_pa\vendor\codeigniter4\framework\system\View\View.php(198): CodeIgniter\Exceptions\FrameworkException::forInvalidFile('templates/index...')
#1 C:\xampp\htdocs\bismillah_pa\vendor\codeigniter4\framework\system\Common.php(1089): CodeIgniter\View\View->render('templates/index', Array, true)
#2 C:\xampp\htdocs\bismillah_pa\app\Controllers\Lomba.php(12): view('templates/index')
#3 C:\xampp\htdocs\bismillah_pa\vendor\codeigniter4\framework\system\CodeIgniter.php(832): App\Controllers\lomba->index()
#4 C:\xampp\htdocs\bismillah_pa\vendor\codeigniter4\framework\system\CodeIgniter.php(419): CodeIgniter\CodeIgniter->runController(Object(App\Controllers\lomba))
#5 C:\xampp\htdocs\bismillah_pa\vendor\codeigniter4\framework\system\CodeIgniter.php(326): CodeIgniter\CodeIgniter->handleRequest(NULL, Object(Config\Cache), false)
#6 C:\xampp\htdocs\bismillah_pa\public\index.php(37): CodeIgniter\CodeIgniter->run()
#7 C:\xampp\htdocs\bismillah_pa\vendor\codeigniter4\framework\system\Commands\Server\rewrite.php(43): require_once('C:\\xampp\\htdocs...')
#8 {main}
CRITICAL - 2022-04-05 01:23:14 --> Invalid file: templates/upcoming_lomba.php
#0 C:\xampp\htdocs\bismillah_pa\vendor\codeigniter4\framework\system\View\View.php(198): CodeIgniter\Exceptions\FrameworkException::forInvalidFile('templates/upcom...')
#1 C:\xampp\htdocs\bismillah_pa\vendor\codeigniter4\framework\system\Common.php(1089): CodeIgniter\View\View->render('templates/upcom...', Array, true)
#2 C:\xampp\htdocs\bismillah_pa\app\Controllers\Lomba.php(16): view('templates/upcom...')
#3 C:\xampp\htdocs\bismillah_pa\vendor\codeigniter4\framework\system\CodeIgniter.php(832): App\Controllers\lomba->lomba()
#4 C:\xampp\htdocs\bismillah_pa\vendor\codeigniter4\framework\system\CodeIgniter.php(419): CodeIgniter\CodeIgniter->runController(Object(App\Controllers\lomba))
#5 C:\xampp\htdocs\bismillah_pa\vendor\codeigniter4\framework\system\CodeIgniter.php(326): CodeIgniter\CodeIgniter->handleRequest(NULL, Object(Config\Cache), false)
#6 C:\xampp\htdocs\bismillah_pa\public\index.php(37): CodeIgniter\CodeIgniter->run()
#7 C:\xampp\htdocs\bismillah_pa\vendor\codeigniter4\framework\system\Commands\Server\rewrite.php(43): require_once('C:\\xampp\\htdocs...')
#8 {main}
CRITICAL - 2022-04-05 01:23:44 --> Invalid file: templates/upcoming_lomba.php
#0 C:\xampp\htdocs\bismillah_pa\vendor\codeigniter4\framework\system\View\View.php(198): CodeIgniter\Exceptions\FrameworkException::forInvalidFile('templates/upcom...')
#1 C:\xampp\htdocs\bismillah_pa\vendor\codeigniter4\framework\system\Common.php(1089): CodeIgniter\View\View->render('templates/upcom...', Array, true)
#2 C:\xampp\htdocs\bismillah_pa\app\Controllers\Lomba.php(16): view('templates/upcom...')
#3 C:\xampp\htdocs\bismillah_pa\vendor\codeigniter4\framework\system\CodeIgniter.php(832): App\Controllers\lomba->lomba()
#4 C:\xampp\htdocs\bismillah_pa\vendor\codeigniter4\framework\system\CodeIgniter.php(419): CodeIgniter\CodeIgniter->runController(Object(App\Controllers\lomba))
#5 C:\xampp\htdocs\bismillah_pa\vendor\codeigniter4\framework\system\CodeIgniter.php(326): CodeIgniter\CodeIgniter->handleRequest(NULL, Object(Config\Cache), false)
#6 C:\xampp\htdocs\bismillah_pa\public\index.php(37): CodeIgniter\CodeIgniter->run()
#7 C:\xampp\htdocs\bismillah_pa\vendor\codeigniter4\framework\system\Commands\Server\rewrite.php(43): require_once('C:\\xampp\\htdocs...')
#8 {main}
CRITICAL - 2022-04-05 01:26:02 --> Invalid file: layout/header.php
#0 C:\xampp\htdocs\bismillah_pa\vendor\codeigniter4\framework\system\View\View.php(198): CodeIgniter\Exceptions\FrameworkException::forInvalidFile('layout/header.p...')
#1 C:\xampp\htdocs\bismillah_pa\vendor\codeigniter4\framework\system\Common.php(1089): CodeIgniter\View\View->render('layout/header', Array, true)
#2 C:\xampp\htdocs\bismillah_pa\app\Controllers\Lomba.php(16): view('layout/header')
#3 C:\xampp\htdocs\bismillah_pa\vendor\codeigniter4\framework\system\CodeIgniter.php(832): App\Controllers\lomba->lomba()
#4 C:\xampp\htdocs\bismillah_pa\vendor\codeigniter4\framework\system\CodeIgniter.php(419): CodeIgniter\CodeIgniter->runController(Object(App\Controllers\lomba))
#5 C:\xampp\htdocs\bismillah_pa\vendor\codeigniter4\framework\system\CodeIgniter.php(326): CodeIgniter\CodeIgniter->handleRequest(NULL, Object(Config\Cache), false)
#6 C:\xampp\htdocs\bismillah_pa\public\index.php(37): CodeIgniter\CodeIgniter->run()
#7 C:\xampp\htdocs\bismillah_pa\vendor\codeigniter4\framework\system\Commands\Server\rewrite.php(43): require_once('C:\\xampp\\htdocs...')
#8 {main}
CRITICAL - 2022-04-05 01:26:21 --> Invalid file: Views/layout/header.php
#0 C:\xampp\htdocs\bismillah_pa\vendor\codeigniter4\framework\system\View\View.php(198): CodeIgniter\Exceptions\FrameworkException::forInvalidFile('Views/layout/he...')
#1 C:\xampp\htdocs\bismillah_pa\vendor\codeigniter4\framework\system\Common.php(1089): CodeIgniter\View\View->render('Views/layout/he...', Array, true)
#2 C:\xampp\htdocs\bismillah_pa\app\Controllers\Lomba.php(16): view('Views/layout/he...')
#3 C:\xampp\htdocs\bismillah_pa\vendor\codeigniter4\framework\system\CodeIgniter.php(832): App\Controllers\lomba->lomba()
#4 C:\xampp\htdocs\bismillah_pa\vendor\codeigniter4\framework\system\CodeIgniter.php(419): CodeIgniter\CodeIgniter->runController(Object(App\Controllers\lomba))
#5 C:\xampp\htdocs\bismillah_pa\vendor\codeigniter4\framework\system\CodeIgniter.php(326): CodeIgniter\CodeIgniter->handleRequest(NULL, Object(Config\Cache), false)
#6 C:\xampp\htdocs\bismillah_pa\public\index.php(37): CodeIgniter\CodeIgniter->run()
#7 C:\xampp\htdocs\bismillah_pa\vendor\codeigniter4\framework\system\Commands\Server\rewrite.php(43): require_once('C:\\xampp\\htdocs...')
#8 {main}
CRITICAL - 2022-04-05 01:52:38 --> Invalid file: Views/layout/header.php
#0 C:\xampp\htdocs\bismillah_pa\vendor\codeigniter4\framework\system\View\View.php(198): CodeIgniter\Exceptions\FrameworkException::forInvalidFile('Views/layout/he...')
#1 C:\xampp\htdocs\bismillah_pa\vendor\codeigniter4\framework\system\Common.php(1089): CodeIgniter\View\View->render('Views/layout/he...', Array, true)
#2 C:\xampp\htdocs\bismillah_pa\app\Controllers\Lomba.php(16): view('Views/layout/he...')
#3 C:\xampp\htdocs\bismillah_pa\vendor\codeigniter4\framework\system\CodeIgniter.php(832): App\Controllers\lomba->lomba()
#4 C:\xampp\htdocs\bismillah_pa\vendor\codeigniter4\framework\system\CodeIgniter.php(419): CodeIgniter\CodeIgniter->runController(Object(App\Controllers\lomba))
#5 C:\xampp\htdocs\bismillah_pa\vendor\codeigniter4\framework\system\CodeIgniter.php(326): CodeIgniter\CodeIgniter->handleRequest(NULL, Object(Config\Cache), false)
#6 C:\xampp\htdocs\bismillah_pa\public\index.php(37): CodeIgniter\CodeIgniter->run()
#7 C:\xampp\htdocs\bismillah_pa\vendor\codeigniter4\framework\system\Commands\Server\rewrite.php(43): require_once('C:\\xampp\\htdocs...')
#8 {main}
CRITICAL - 2022-04-05 01:57:19 --> Invalid file: Views/layout/header.php
#0 C:\xampp\htdocs\bismillah_pa\vendor\codeigniter4\framework\system\View\View.php(198): CodeIgniter\Exceptions\FrameworkException::forInvalidFile('Views/layout/he...')
#1 C:\xampp\htdocs\bismillah_pa\vendor\codeigniter4\framework\system\Common.php(1089): CodeIgniter\View\View->render('Views/layout/he...', Array, true)
#2 C:\xampp\htdocs\bismillah_pa\app\Controllers\Home.php(9): view('Views/layout/he...')
#3 C:\xampp\htdocs\bismillah_pa\vendor\codeigniter4\framework\system\CodeIgniter.php(832): App\Controllers\Home->index()
#4 C:\xampp\htdocs\bismillah_pa\vendor\codeigniter4\framework\system\CodeIgniter.php(419): CodeIgniter\CodeIgniter->runController(Object(App\Controllers\Home))
#5 C:\xampp\htdocs\bismillah_pa\vendor\codeigniter4\framework\system\CodeIgniter.php(326): CodeIgniter\CodeIgniter->handleRequest(NULL, Object(Config\Cache), false)
#6 C:\xampp\htdocs\bismillah_pa\public\index.php(37): CodeIgniter\CodeIgniter->run()
#7 C:\xampp\htdocs\bismillah_pa\vendor\codeigniter4\framework\system\Commands\Server\rewrite.php(43): require_once('C:\\xampp\\htdocs...')
#8 {main}
CRITICAL - 2022-04-05 01:57:30 --> Invalid file: Views/layout/header.php
#0 C:\xampp\htdocs\bismillah_pa\vendor\codeigniter4\framework\system\View\View.php(198): CodeIgniter\Exceptions\FrameworkException::forInvalidFile('Views/layout/he...')
#1 C:\xampp\htdocs\bismillah_pa\vendor\codeigniter4\framework\system\Common.php(1089): CodeIgniter\View\View->render('Views/layout/he...', Array, true)
#2 C:\xampp\htdocs\bismillah_pa\app\Controllers\Home.php(9): view('Views/layout/he...')
#3 C:\xampp\htdocs\bismillah_pa\vendor\codeigniter4\framework\system\CodeIgniter.php(832): App\Controllers\Home->index()
#4 C:\xampp\htdocs\bismillah_pa\vendor\codeigniter4\framework\system\CodeIgniter.php(419): CodeIgniter\CodeIgniter->runController(Object(App\Controllers\Home))
#5 C:\xampp\htdocs\bismillah_pa\vendor\codeigniter4\framework\system\CodeIgniter.php(326): CodeIgniter\CodeIgniter->handleRequest(NULL, Object(Config\Cache), false)
#6 C:\xampp\htdocs\bismillah_pa\public\index.php(37): CodeIgniter\CodeIgniter->run()
#7 C:\xampp\htdocs\bismillah_pa\vendor\codeigniter4\framework\system\Commands\Server\rewrite.php(43): require_once('C:\\xampp\\htdocs...')
#8 {main}
CRITICAL - 2022-04-05 03:07:04 --> Invalid file: layout/header.php
#0 C:\xampp\htdocs\bismillah_pa\vendor\codeigniter4\framework\system\View\View.php(198): CodeIgniter\Exceptions\FrameworkException::forInvalidFile('layout/header.p...')
#1 C:\xampp\htdocs\bismillah_pa\vendor\codeigniter4\framework\system\Common.php(1089): CodeIgniter\View\View->render('layout/header', Array, true)
#2 C:\xampp\htdocs\bismillah_pa\app\Controllers\Home.php(10): view('layout/header')
#3 C:\xampp\htdocs\bismillah_pa\vendor\codeigniter4\framework\system\CodeIgniter.php(832): App\Controllers\Home->index()
#4 C:\xampp\htdocs\bismillah_pa\vendor\codeigniter4\framework\system\CodeIgniter.php(419): CodeIgniter\CodeIgniter->runController(Object(App\Controllers\Home))
#5 C:\xampp\htdocs\bismillah_pa\vendor\codeigniter4\framework\system\CodeIgniter.php(326): CodeIgniter\CodeIgniter->handleRequest(NULL, Object(Config\Cache), false)
#6 C:\xampp\htdocs\bismillah_pa\public\index.php(37): CodeIgniter\CodeIgniter->run()
#7 C:\xampp\htdocs\bismillah_pa\vendor\codeigniter4\framework\system\Commands\Server\rewrite.php(43): require_once('C:\\xampp\\htdocs...')
#8 {main}
CRITICAL - 2022-04-05 03:07:23 --> Invalid file: layout/header.php
#0 C:\xampp\htdocs\bismillah_pa\vendor\codeigniter4\framework\system\View\View.php(198): CodeIgniter\Exceptions\FrameworkException::forInvalidFile('layout/header.p...')
#1 C:\xampp\htdocs\bismillah_pa\vendor\codeigniter4\framework\system\Common.php(1089): CodeIgniter\View\View->render('layout/header', Array, true)
#2 C:\xampp\htdocs\bismillah_pa\app\Controllers\Home.php(10): view('layout/header')
#3 C:\xampp\htdocs\bismillah_pa\vendor\codeigniter4\framework\system\CodeIgniter.php(832): App\Controllers\Home->index()
#4 C:\xampp\htdocs\bismillah_pa\vendor\codeigniter4\framework\system\CodeIgniter.php(419): CodeIgniter\CodeIgniter->runController(Object(App\Controllers\Home))
#5 C:\xampp\htdocs\bismillah_pa\vendor\codeigniter4\framework\system\CodeIgniter.php(326): CodeIgniter\CodeIgniter->handleRequest(NULL, Object(Config\Cache), false)
#6 C:\xampp\htdocs\bismillah_pa\public\index.php(37): CodeIgniter\CodeIgniter->run()
#7 C:\xampp\htdocs\bismillah_pa\vendor\codeigniter4\framework\system\Commands\Server\rewrite.php(43): require_once('C:\\xampp\\htdocs...')
#8 {main}
CRITICAL - 2022-04-05 03:07:42 --> Invalid file: layout/header.php
#0 C:\xampp\htdocs\bismillah_pa\vendor\codeigniter4\framework\system\View\View.php(198): CodeIgniter\Exceptions\FrameworkException::forInvalidFile('layout/header.p...')
#1 C:\xampp\htdocs\bismillah_pa\vendor\codeigniter4\framework\system\Common.php(1089): CodeIgniter\View\View->render('layout/header', Array, true)
#2 C:\xampp\htdocs\bismillah_pa\app\Controllers\Home.php(10): view('layout/header')
#3 C:\xampp\htdocs\bismillah_pa\vendor\codeigniter4\framework\system\CodeIgniter.php(832): App\Controllers\Home->index()
#4 C:\xampp\htdocs\bismillah_pa\vendor\codeigniter4\framework\system\CodeIgniter.php(419): CodeIgniter\CodeIgniter->runController(Object(App\Controllers\Home))
#5 C:\xampp\htdocs\bismillah_pa\vendor\codeigniter4\framework\system\CodeIgniter.php(326): CodeIgniter\CodeIgniter->handleRequest(NULL, Object(Config\Cache), false)
#6 C:\xampp\htdocs\bismillah_pa\public\index.php(37): CodeIgniter\CodeIgniter->run()
#7 C:\xampp\htdocs\bismillah_pa\vendor\codeigniter4\framework\system\Commands\Server\rewrite.php(43): require_once('C:\\xampp\\htdocs...')
#8 {main}
CRITICAL - 2022-04-05 03:08:45 --> Invalid file: layout/header.php
#0 C:\xampp\htdocs\bismillah_pa\vendor\codeigniter4\framework\system\View\View.php(198): CodeIgniter\Exceptions\FrameworkException::forInvalidFile('layout/header.p...')
#1 C:\xampp\htdocs\bismillah_pa\vendor\codeigniter4\framework\system\Common.php(1089): CodeIgniter\View\View->render('layout/header', Array, true)
#2 C:\xampp\htdocs\bismillah_pa\app\Controllers\Home.php(10): view('layout/header')
#3 C:\xampp\htdocs\bismillah_pa\vendor\codeigniter4\framework\system\CodeIgniter.php(832): App\Controllers\Home->index()
#4 C:\xampp\htdocs\bismillah_pa\vendor\codeigniter4\framework\system\CodeIgniter.php(419): CodeIgniter\CodeIgniter->runController(Object(App\Controllers\Home))
#5 C:\xampp\htdocs\bismillah_pa\vendor\codeigniter4\framework\system\CodeIgniter.php(326): CodeIgniter\CodeIgniter->handleRequest(NULL, Object(Config\Cache), false)
#6 C:\xampp\htdocs\bismillah_pa\public\index.php(37): CodeIgniter\CodeIgniter->run()
#7 C:\xampp\htdocs\bismillah_pa\vendor\codeigniter4\framework\system\Commands\Server\rewrite.php(43): require_once('C:\\xampp\\htdocs...')
#8 {main}
CRITICAL - 2022-04-05 03:09:43 --> Invalid file: layout/header.php
#0 C:\xampp\htdocs\bismillah_pa\vendor\codeigniter4\framework\system\View\View.php(198): CodeIgniter\Exceptions\FrameworkException::forInvalidFile('layout/header.p...')
#1 C:\xampp\htdocs\bismillah_pa\vendor\codeigniter4\framework\system\Common.php(1089): CodeIgniter\View\View->render('layout/header', Array, true)
#2 C:\xampp\htdocs\bismillah_pa\app\Controllers\Home.php(10): view('layout/header')
#3 C:\xampp\htdocs\bismillah_pa\vendor\codeigniter4\framework\system\CodeIgniter.php(832): App\Controllers\Home->index()
#4 C:\xampp\htdocs\bismillah_pa\vendor\codeigniter4\framework\system\CodeIgniter.php(419): CodeIgniter\CodeIgniter->runController(Object(App\Controllers\Home))
#5 C:\xampp\htdocs\bismillah_pa\vendor\codeigniter4\framework\system\CodeIgniter.php(326): CodeIgniter\CodeIgniter->handleRequest(NULL, Object(Config\Cache), false)
#6 C:\xampp\htdocs\bismillah_pa\public\index.php(37): CodeIgniter\CodeIgniter->run()
#7 C:\xampp\htdocs\bismillah_pa\vendor\codeigniter4\framework\system\Commands\Server\rewrite.php(43): require_once('C:\\xampp\\htdocs...')
#8 {main}
CRITICAL - 2022-04-05 04:13:09 --> Invalid file: layout/header.php
#0 C:\xampp\htdocs\bismillah_pa\vendor\codeigniter4\framework\system\View\View.php(198): CodeIgniter\Exceptions\FrameworkException::forInvalidFile('layout/header.p...')
#1 C:\xampp\htdocs\bismillah_pa\vendor\codeigniter4\framework\system\Common.php(1089): CodeIgniter\View\View->render('layout/header', Array, true)
#2 C:\xampp\htdocs\bismillah_pa\app\Controllers\Home.php(10): view('layout/header')
#3 C:\xampp\htdocs\bismillah_pa\vendor\codeigniter4\framework\system\CodeIgniter.php(832): App\Controllers\Home->index()
#4 C:\xampp\htdocs\bismillah_pa\vendor\codeigniter4\framework\system\CodeIgniter.php(419): CodeIgniter\CodeIgniter->runController(Object(App\Controllers\Home))
#5 C:\xampp\htdocs\bismillah_pa\vendor\codeigniter4\framework\system\CodeIgniter.php(326): CodeIgniter\CodeIgniter->handleRequest(NULL, Object(Config\Cache), false)
#6 C:\xampp\htdocs\bismillah_pa\public\index.php(37): CodeIgniter\CodeIgniter->run()
#7 C:\xampp\htdocs\bismillah_pa\vendor\codeigniter4\framework\system\Commands\Server\rewrite.php(43): require_once('C:\\xampp\\htdocs...')
#8 {main}
CRITICAL - 2022-04-05 04:14:05 --> Invalid file: layout/header.php
#0 C:\xampp\htdocs\bismillah_pa\vendor\codeigniter4\framework\system\View\View.php(198): CodeIgniter\Exceptions\FrameworkException::forInvalidFile('layout/header.p...')
#1 C:\xampp\htdocs\bismillah_pa\vendor\codeigniter4\framework\system\Common.php(1089): CodeIgniter\View\View->render('layout/header', Array, true)
#2 C:\xampp\htdocs\bismillah_pa\app\Controllers\Home.php(10): view('layout/header')
#3 C:\xampp\htdocs\bismillah_pa\vendor\codeigniter4\framework\system\CodeIgniter.php(832): App\Controllers\Home->index()
#4 C:\xampp\htdocs\bismillah_pa\vendor\codeigniter4\framework\system\CodeIgniter.php(419): CodeIgniter\CodeIgniter->runController(Object(App\Controllers\Home))
#5 C:\xampp\htdocs\bismillah_pa\vendor\codeigniter4\framework\system\CodeIgniter.php(326): CodeIgniter\CodeIgniter->handleRequest(NULL, Object(Config\Cache), false)
#6 C:\xampp\htdocs\bismillah_pa\public\index.php(37): CodeIgniter\CodeIgniter->run()
#7 C:\xampp\htdocs\bismillah_pa\vendor\codeigniter4\framework\system\Commands\Server\rewrite.php(43): require_once('C:\\xampp\\htdocs...')
#8 {main}
CRITICAL - 2022-04-05 04:14:11 --> Invalid file: layout/header.php
#0 C:\xampp\htdocs\bismillah_pa\vendor\codeigniter4\framework\system\View\View.php(198): CodeIgniter\Exceptions\FrameworkException::forInvalidFile('layout/header.p...')
#1 C:\xampp\htdocs\bismillah_pa\vendor\codeigniter4\framework\system\Common.php(1089): CodeIgniter\View\View->render('layout/header', Array, true)
#2 C:\xampp\htdocs\bismillah_pa\app\Controllers\Home.php(10): view('layout/header')
#3 C:\xampp\htdocs\bismillah_pa\vendor\codeigniter4\framework\system\CodeIgniter.php(832): App\Controllers\Home->index()
#4 C:\xampp\htdocs\bismillah_pa\vendor\codeigniter4\framework\system\CodeIgniter.php(419): CodeIgniter\CodeIgniter->runController(Object(App\Controllers\Home))
#5 C:\xampp\htdocs\bismillah_pa\vendor\codeigniter4\framework\system\CodeIgniter.php(326): CodeIgniter\CodeIgniter->handleRequest(NULL, Object(Config\Cache), false)
#6 C:\xampp\htdocs\bismillah_pa\public\index.php(37): CodeIgniter\CodeIgniter->run()
#7 C:\xampp\htdocs\bismillah_pa\vendor\codeigniter4\framework\system\Commands\Server\rewrite.php(43): require_once('C:\\xampp\\htdocs...')
#8 {main}
CRITICAL - 2022-04-05 04:15:32 --> Invalid file: layout/header.php
#0 C:\xampp\htdocs\bismillah_pa\vendor\codeigniter4\framework\system\View\View.php(198): CodeIgniter\Exceptions\FrameworkException::forInvalidFile('layout/header.p...')
#1 C:\xampp\htdocs\bismillah_pa\vendor\codeigniter4\framework\system\Common.php(1089): CodeIgniter\View\View->render('layout/header', Array, true)
#2 C:\xampp\htdocs\bismillah_pa\app\Controllers\pages.php(9): view('layout/header')
#3 C:\xampp\htdocs\bismillah_pa\vendor\codeigniter4\framework\system\CodeIgniter.php(832): App\Controllers\Pages->index()
#4 C:\xampp\htdocs\bismillah_pa\vendor\codeigniter4\framework\system\CodeIgniter.php(419): CodeIgniter\CodeIgniter->runController(Object(App\Controllers\Pages))
#5 C:\xampp\htdocs\bismillah_pa\vendor\codeigniter4\framework\system\CodeIgniter.php(326): CodeIgniter\CodeIgniter->handleRequest(NULL, Object(Config\Cache), false)
#6 C:\xampp\htdocs\bismillah_pa\public\index.php(37): CodeIgniter\CodeIgniter->run()
#7 C:\xampp\htdocs\bismillah_pa\vendor\codeigniter4\framework\system\Commands\Server\rewrite.php(43): require_once('C:\\xampp\\htdocs...')
#8 {main}
CRITICAL - 2022-04-05 04:16:32 --> Invalid file: layout/header.php
#0 C:\xampp\htdocs\bismillah_pa\vendor\codeigniter4\framework\system\View\View.php(198): CodeIgniter\Exceptions\FrameworkException::forInvalidFile('layout/header.p...')
#1 C:\xampp\htdocs\bismillah_pa\vendor\codeigniter4\framework\system\Common.php(1089): CodeIgniter\View\View->render('layout/header', Array, true)
#2 C:\xampp\htdocs\bismillah_pa\app\Controllers\pages.php(9): view('layout/header')
#3 C:\xampp\htdocs\bismillah_pa\vendor\codeigniter4\framework\system\CodeIgniter.php(832): App\Controllers\Pages->index()
#4 C:\xampp\htdocs\bismillah_pa\vendor\codeigniter4\framework\system\CodeIgniter.php(419): CodeIgniter\CodeIgniter->runController(Object(App\Controllers\Pages))
#5 C:\xampp\htdocs\bismillah_pa\vendor\codeigniter4\framework\system\CodeIgniter.php(326): CodeIgniter\CodeIgniter->handleRequest(NULL, Object(Config\Cache), false)
#6 C:\xampp\htdocs\bismillah_pa\public\index.php(37): CodeIgniter\CodeIgniter->run()
#7 C:\xampp\htdocs\bismillah_pa\vendor\codeigniter4\framework\system\Commands\Server\rewrite.php(43): require_once('C:\\xampp\\htdocs...')
#8 {main}
CRITICAL - 2022-04-05 04:26:10 --> Invalid file: layout/header.php
#0 C:\xampp\htdocs\bismillah_pa\vendor\codeigniter4\framework\system\View\View.php(198): CodeIgniter\Exceptions\FrameworkException::forInvalidFile('layout/header.p...')
#1 C:\xampp\htdocs\bismillah_pa\vendor\codeigniter4\framework\system\Common.php(1089): CodeIgniter\View\View->render('layout/header', Array, true)
#2 C:\xampp\htdocs\bismillah_pa\app\Controllers\pages.php(9): view('layout/header')
#3 C:\xampp\htdocs\bismillah_pa\vendor\codeigniter4\framework\system\CodeIgniter.php(832): App\Controllers\Pages->index()
#4 C:\xampp\htdocs\bismillah_pa\vendor\codeigniter4\framework\system\CodeIgniter.php(419): CodeIgniter\CodeIgniter->runController(Object(App\Controllers\Pages))
#5 C:\xampp\htdocs\bismillah_pa\vendor\codeigniter4\framework\system\CodeIgniter.php(326): CodeIgniter\CodeIgniter->handleRequest(NULL, Object(Config\Cache), false)
#6 C:\xampp\htdocs\bismillah_pa\public\index.php(37): CodeIgniter\CodeIgniter->run()
#7 C:\xampp\htdocs\bismillah_pa\vendor\codeigniter4\framework\system\Commands\Server\rewrite.php(43): require_once('C:\\xampp\\htdocs...')
#8 {main}
CRITICAL - 2022-04-05 04:26:13 --> Invalid file: layout/header.php
#0 C:\xampp\htdocs\bismillah_pa\vendor\codeigniter4\framework\system\View\View.php(198): CodeIgniter\Exceptions\FrameworkException::forInvalidFile('layout/header.p...')
#1 C:\xampp\htdocs\bismillah_pa\vendor\codeigniter4\framework\system\Common.php(1089): CodeIgniter\View\View->render('layout/header', Array, true)
#2 C:\xampp\htdocs\bismillah_pa\app\Controllers\pages.php(9): view('layout/header')
#3 C:\xampp\htdocs\bismillah_pa\vendor\codeigniter4\framework\system\CodeIgniter.php(832): App\Controllers\Pages->index()
#4 C:\xampp\htdocs\bismillah_pa\vendor\codeigniter4\framework\system\CodeIgniter.php(419): CodeIgniter\CodeIgniter->runController(Object(App\Controllers\Pages))
#5 C:\xampp\htdocs\bismillah_pa\vendor\codeigniter4\framework\system\CodeIgniter.php(326): CodeIgniter\CodeIgniter->handleRequest(NULL, Object(Config\Cache), false)
#6 C:\xampp\htdocs\bismillah_pa\public\index.php(37): CodeIgniter\CodeIgniter->run()
#7 C:\xampp\htdocs\bismillah_pa\vendor\codeigniter4\framework\system\Commands\Server\rewrite.php(43): require_once('C:\\xampp\\htdocs...')
#8 {main}
CRITICAL - 2022-04-05 04:28:19 --> Invalid file: layout/header.php
#0 C:\xampp\htdocs\bismillah_pa\vendor\codeigniter4\framework\system\View\View.php(198): CodeIgniter\Exceptions\FrameworkException::forInvalidFile('layout/header.p...')
#1 C:\xampp\htdocs\bismillah_pa\vendor\codeigniter4\framework\system\Common.php(1089): CodeIgniter\View\View->render('layout/header', Array, true)
#2 C:\xampp\htdocs\bismillah_pa\app\Controllers\pages.php(9): view('layout/header')
#3 C:\xampp\htdocs\bismillah_pa\vendor\codeigniter4\framework\system\CodeIgniter.php(832): App\Controllers\Pages->index()
#4 C:\xampp\htdocs\bismillah_pa\vendor\codeigniter4\framework\system\CodeIgniter.php(419): CodeIgniter\CodeIgniter->runController(Object(App\Controllers\Pages))
#5 C:\xampp\htdocs\bismillah_pa\vendor\codeigniter4\framework\system\CodeIgniter.php(326): CodeIgniter\CodeIgniter->handleRequest(NULL, Object(Config\Cache), false)
#6 C:\xampp\htdocs\bismillah_pa\public\index.php(37): CodeIgniter\CodeIgniter->run()
#7 C:\xampp\htdocs\bismillah_pa\vendor\codeigniter4\framework\system\Commands\Server\rewrite.php(43): require_once('C:\\xampp\\htdocs...')
#8 {main}
CRITICAL - 2022-04-05 04:28:27 --> Invalid file: layout/header.php
#0 C:\xampp\htdocs\bismillah_pa\vendor\codeigniter4\framework\system\View\View.php(198): CodeIgniter\Exceptions\FrameworkException::forInvalidFile('layout/header.p...')
#1 C:\xampp\htdocs\bismillah_pa\vendor\codeigniter4\framework\system\Common.php(1089): CodeIgniter\View\View->render('layout/header', Array, true)
#2 C:\xampp\htdocs\bismillah_pa\app\Controllers\pages.php(9): view('layout/header')
#3 C:\xampp\htdocs\bismillah_pa\vendor\codeigniter4\framework\system\CodeIgniter.php(832): App\Controllers\Pages->index()
#4 C:\xampp\htdocs\bismillah_pa\vendor\codeigniter4\framework\system\CodeIgniter.php(419): CodeIgniter\CodeIgniter->runController(Object(App\Controllers\Pages))
#5 C:\xampp\htdocs\bismillah_pa\vendor\codeigniter4\framework\system\CodeIgniter.php(326): CodeIgniter\CodeIgniter->handleRequest(NULL, Object(Config\Cache), false)
#6 C:\xampp\htdocs\bismillah_pa\public\index.php(37): CodeIgniter\CodeIgniter->run()
#7 C:\xampp\htdocs\bismillah_pa\vendor\codeigniter4\framework\system\Commands\Server\rewrite.php(43): require_once('C:\\xampp\\htdocs...')
#8 {main}
CRITICAL - 2022-04-05 04:28:55 --> Invalid file: layout/header.php
#0 C:\xampp\htdocs\bismillah_pa\vendor\codeigniter4\framework\system\View\View.php(198): CodeIgniter\Exceptions\FrameworkException::forInvalidFile('layout/header.p...')
#1 C:\xampp\htdocs\bismillah_pa\vendor\codeigniter4\framework\system\Common.php(1089): CodeIgniter\View\View->render('layout/header', Array, true)
#2 C:\xampp\htdocs\bismillah_pa\app\Controllers\pages.php(9): view('layout/header')
#3 C:\xampp\htdocs\bismillah_pa\vendor\codeigniter4\framework\system\CodeIgniter.php(832): App\Controllers\Pages->index()
#4 C:\xampp\htdocs\bismillah_pa\vendor\codeigniter4\framework\system\CodeIgniter.php(419): CodeIgniter\CodeIgniter->runController(Object(App\Controllers\Pages))
#5 C:\xampp\htdocs\bismillah_pa\vendor\codeigniter4\framework\system\CodeIgniter.php(326): CodeIgniter\CodeIgniter->handleRequest(NULL, Object(Config\Cache), false)
#6 C:\xampp\htdocs\bismillah_pa\public\index.php(37): CodeIgniter\CodeIgniter->run()
#7 C:\xampp\htdocs\bismillah_pa\vendor\codeigniter4\framework\system\Commands\Server\rewrite.php(43): require_once('C:\\xampp\\htdocs...')
#8 {main}
CRITICAL - 2022-04-05 04:29:01 --> Invalid file: layout/header.php
#0 C:\xampp\htdocs\bismillah_pa\vendor\codeigniter4\framework\system\View\View.php(198): CodeIgniter\Exceptions\FrameworkException::forInvalidFile('layout/header.p...')
#1 C:\xampp\htdocs\bismillah_pa\vendor\codeigniter4\framework\system\Common.php(1089): CodeIgniter\View\View->render('layout/header', Array, true)
#2 C:\xampp\htdocs\bismillah_pa\app\Controllers\pages.php(9): view('layout/header')
#3 C:\xampp\htdocs\bismillah_pa\vendor\codeigniter4\framework\system\CodeIgniter.php(832): App\Controllers\Pages->index()
#4 C:\xampp\htdocs\bismillah_pa\vendor\codeigniter4\framework\system\CodeIgniter.php(419): CodeIgniter\CodeIgniter->runController(Object(App\Controllers\Pages))
#5 C:\xampp\htdocs\bismillah_pa\vendor\codeigniter4\framework\system\CodeIgniter.php(326): CodeIgniter\CodeIgniter->handleRequest(NULL, Object(Config\Cache), false)
#6 C:\xampp\htdocs\bismillah_pa\public\index.php(37): CodeIgniter\CodeIgniter->run()
#7 C:\xampp\htdocs\bismillah_pa\vendor\codeigniter4\framework\system\Commands\Server\rewrite.php(43): require_once('C:\\xampp\\htdocs...')
#8 {main}
CRITICAL - 2022-04-05 04:30:10 --> Invalid file: layout/header.php
#0 C:\xampp\htdocs\bismillah_pa\vendor\codeigniter4\framework\system\View\View.php(198): CodeIgniter\Exceptions\FrameworkException::forInvalidFile('layout/header.p...')
#1 C:\xampp\htdocs\bismillah_pa\vendor\codeigniter4\framework\system\Common.php(1089): CodeIgniter\View\View->render('layout/header', Array, true)
#2 C:\xampp\htdocs\bismillah_pa\app\Controllers\pages.php(9): view('layout/header')
#3 C:\xampp\htdocs\bismillah_pa\vendor\codeigniter4\framework\system\CodeIgniter.php(832): App\Controllers\Pages->index()
#4 C:\xampp\htdocs\bismillah_pa\vendor\codeigniter4\framework\system\CodeIgniter.php(419): CodeIgniter\CodeIgniter->runController(Object(App\Controllers\Pages))
#5 C:\xampp\htdocs\bismillah_pa\vendor\codeigniter4\framework\system\CodeIgniter.php(326): CodeIgniter\CodeIgniter->handleRequest(NULL, Object(Config\Cache), false)
#6 C:\xampp\htdocs\bismillah_pa\public\index.php(37): CodeIgniter\CodeIgniter->run()
#7 C:\xampp\htdocs\bismillah_pa\vendor\codeigniter4\framework\system\Commands\Server\rewrite.php(43): require_once('C:\\xampp\\htdocs...')
#8 {main}
CRITICAL - 2022-04-05 09:46:45 --> Invalid file: layout/header.php
#0 C:\xampp\htdocs\bismillah_pa\vendor\codeigniter4\framework\system\View\View.php(198): CodeIgniter\Exceptions\FrameworkException::forInvalidFile('layout/header.p...')
#1 C:\xampp\htdocs\bismillah_pa\vendor\codeigniter4\framework\system\Common.php(1089): CodeIgniter\View\View->render('layout/header', Array, true)
#2 C:\xampp\htdocs\bismillah_pa\app\Controllers\pages.php(21): view('layout/header')
#3 C:\xampp\htdocs\bismillah_pa\vendor\codeigniter4\framework\system\CodeIgniter.php(832): App\Controllers\Pages->prediksi()
#4 C:\xampp\htdocs\bismillah_pa\vendor\codeigniter4\framework\system\CodeIgniter.php(419): CodeIgniter\CodeIgniter->runController(Object(App\Controllers\Pages))
#5 C:\xampp\htdocs\bismillah_pa\vendor\codeigniter4\framework\system\CodeIgniter.php(326): CodeIgniter\CodeIgniter->handleRequest(NULL, Object(Config\Cache), false)
#6 C:\xampp\htdocs\bismillah_pa\public\index.php(37): CodeIgniter\CodeIgniter->run()
#7 C:\xampp\htdocs\bismillah_pa\vendor\codeigniter4\framework\system\Commands\Server\rewrite.php(43): require_once('C:\\xampp\\htdocs...')
#8 {main}
CRITICAL - 2022-04-05 09:47:51 --> Invalid file: layout/header.php
#0 C:\xampp\htdocs\bismillah_pa\vendor\codeigniter4\framework\system\View\View.php(198): CodeIgniter\Exceptions\FrameworkException::forInvalidFile('layout/header.p...')
#1 C:\xampp\htdocs\bismillah_pa\vendor\codeigniter4\framework\system\Common.php(1089): CodeIgniter\View\View->render('layout/header', Array, true)
#2 C:\xampp\htdocs\bismillah_pa\app\Controllers\pages.php(15): view('layout/header')
#3 C:\xampp\htdocs\bismillah_pa\vendor\codeigniter4\framework\system\CodeIgniter.php(832): App\Controllers\Pages->fungsionalitas()
#4 C:\xampp\htdocs\bismillah_pa\vendor\codeigniter4\framework\system\CodeIgniter.php(419): CodeIgniter\CodeIgniter->runController(Object(App\Controllers\Pages))
#5 C:\xampp\htdocs\bismillah_pa\vendor\codeigniter4\framework\system\CodeIgniter.php(326): CodeIgniter\CodeIgniter->handleRequest(NULL, Object(Config\Cache), false)
#6 C:\xampp\htdocs\bismillah_pa\public\index.php(37): CodeIgniter\CodeIgniter->run()
#7 C:\xampp\htdocs\bismillah_pa\vendor\codeigniter4\framework\system\Commands\Server\rewrite.php(43): require_once('C:\\xampp\\htdocs...')
#8 {main}
CRITICAL - 2022-04-05 09:50:49 --> Invalid file: layout/header.php
#0 C:\xampp\htdocs\bismillah_pa\vendor\codeigniter4\framework\system\View\View.php(198): CodeIgniter\Exceptions\FrameworkException::forInvalidFile('layout/header.p...')
#1 C:\xampp\htdocs\bismillah_pa\vendor\codeigniter4\framework\system\Common.php(1089): CodeIgniter\View\View->render('layout/header', Array, true)
#2 C:\xampp\htdocs\bismillah_pa\app\Controllers\pages.php(21): view('layout/header')
#3 C:\xampp\htdocs\bismillah_pa\vendor\codeigniter4\framework\system\CodeIgniter.php(832): App\Controllers\Pages->prediksi()
#4 C:\xampp\htdocs\bismillah_pa\vendor\codeigniter4\framework\system\CodeIgniter.php(419): CodeIgniter\CodeIgniter->runController(Object(App\Controllers\Pages))
#5 C:\xampp\htdocs\bismillah_pa\vendor\codeigniter4\framework\system\CodeIgniter.php(326): CodeIgniter\CodeIgniter->handleRequest(NULL, Object(Config\Cache), false)
#6 C:\xampp\htdocs\bismillah_pa\public\index.php(37): CodeIgniter\CodeIgniter->run()
#7 C:\xampp\htdocs\bismillah_pa\vendor\codeigniter4\framework\system\Commands\Server\rewrite.php(43): require_once('C:\\xampp\\htdocs...')
#8 {main}
