CRITICAL - 2022-07-20 01:17:05 --> Undefined property: App\Controllers\admin::$inpuModel
#0 C:\xampp\htdocs\bismillah_pa\app\Controllers\admin.php(185): CodeIgniter\Debug\Exceptions->errorHandler(8, 'Undefined prope...', 'C:\\xampp\\htdocs...', 185, Array)
#1 C:\xampp\htdocs\bismillah_pa\vendor\codeigniter4\framework\system\CodeIgniter.php(832): App\Controllers\admin->update()
#2 C:\xampp\htdocs\bismillah_pa\vendor\codeigniter4\framework\system\CodeIgniter.php(419): CodeIgniter\CodeIgniter->runController(Object(App\Controllers\admin))
#3 C:\xampp\htdocs\bismillah_pa\vendor\codeigniter4\framework\system\CodeIgniter.php(326): CodeIgniter\CodeIgniter->handleRequest(NULL, Object(Config\Cache), false)
#4 C:\xampp\htdocs\bismillah_pa\public\index.php(37): CodeIgniter\CodeIgniter->run()
#5 C:\xampp\htdocs\bismillah_pa\vendor\codeigniter4\framework\system\Commands\Server\rewrite.php(43): require_once('C:\\xampp\\htdocs...')
#6 {main}
CRITICAL - 2022-07-20 01:30:06 --> syntax error, unexpected 'var_dump' (T_STRING)
#0 C:\xampp\htdocs\bismillah_pa\vendor\codeigniter4\framework\system\Router\Router.php(175): CodeIgniter\Router\Router->autoRoute('admin/tambah_lo...')
#1 C:\xampp\htdocs\bismillah_pa\vendor\codeigniter4\framework\system\CodeIgniter.php(726): CodeIgniter\Router\Router->handle('admin/tambah_lo...')
#2 C:\xampp\htdocs\bismillah_pa\vendor\codeigniter4\framework\system\CodeIgniter.php(368): CodeIgniter\CodeIgniter->tryToRouteIt(Object(CodeIgniter\Router\RouteCollection))
#3 C:\xampp\htdocs\bismillah_pa\vendor\codeigniter4\framework\system\CodeIgniter.php(326): CodeIgniter\CodeIgniter->handleRequest(NULL, Object(Config\Cache), false)
#4 C:\xampp\htdocs\bismillah_pa\public\index.php(37): CodeIgniter\CodeIgniter->run()
#5 C:\xampp\htdocs\bismillah_pa\vendor\codeigniter4\framework\system\Commands\Server\rewrite.php(43): require_once('C:\\xampp\\htdocs...')
#6 {main}
ERROR - 2022-07-20 03:06:20 --> Error connecting to the database: No connection could be made because the target machine actively refused it.

CRITICAL - 2022-07-20 03:06:20 --> Unable to connect to the database.
Main connection [MySQLi]: No connection could be made because the target machine actively refused it.

#0 C:\xampp\htdocs\bismillah_pa\vendor\codeigniter4\framework\system\Database\BaseConnection.php(577): CodeIgniter\Database\BaseConnection->initialize()
#1 C:\xampp\htdocs\bismillah_pa\vendor\codeigniter4\framework\system\Database\BaseBuilder.php(1455): CodeIgniter\Database\BaseConnection->query('SELECT *\nFROM `...', Array, false)
#2 C:\xampp\htdocs\bismillah_pa\vendor\codeigniter4\framework\system\Model.php(183): CodeIgniter\Database\BaseBuilder->get()
#3 C:\xampp\htdocs\bismillah_pa\vendor\codeigniter4\framework\system\BaseModel.php(584): CodeIgniter\Model->doFindAll(0, 0)
#4 C:\xampp\htdocs\bismillah_pa\app\Controllers\admin.php(68): CodeIgniter\BaseModel->findAll()
#5 C:\xampp\htdocs\bismillah_pa\vendor\codeigniter4\framework\system\CodeIgniter.php(832): App\Controllers\admin->tambah_lomba()
#6 C:\xampp\htdocs\bismillah_pa\vendor\codeigniter4\framework\system\CodeIgniter.php(419): CodeIgniter\CodeIgniter->runController(Object(App\Controllers\admin))
#7 C:\xampp\htdocs\bismillah_pa\vendor\codeigniter4\framework\system\CodeIgniter.php(326): CodeIgniter\CodeIgniter->handleRequest(NULL, Object(Config\Cache), false)
#8 C:\xampp\htdocs\bismillah_pa\public\index.php(37): CodeIgniter\CodeIgniter->run()
#9 C:\xampp\htdocs\bismillah_pa\vendor\codeigniter4\framework\system\Commands\Server\rewrite.php(43): require_once('C:\\xampp\\htdocs...')
#10 {main}
CRITICAL - 2022-07-20 03:32:43 --> Undefined index: id
#0 C:\xampp\htdocs\bismillah_pa\app\Controllers\admin.php(69): CodeIgniter\Debug\Exceptions->errorHandler(8, 'Undefined index...', 'C:\\xampp\\htdocs...', 69, Array)
#1 C:\xampp\htdocs\bismillah_pa\vendor\codeigniter4\framework\system\CodeIgniter.php(832): App\Controllers\admin->tambah_lomba()
#2 C:\xampp\htdocs\bismillah_pa\vendor\codeigniter4\framework\system\CodeIgniter.php(419): CodeIgniter\CodeIgniter->runController(Object(App\Controllers\admin))
#3 C:\xampp\htdocs\bismillah_pa\vendor\codeigniter4\framework\system\CodeIgniter.php(326): CodeIgniter\CodeIgniter->handleRequest(NULL, Object(Config\Cache), false)
#4 C:\xampp\htdocs\bismillah_pa\public\index.php(37): CodeIgniter\CodeIgniter->run()
#5 C:\xampp\htdocs\bismillah_pa\vendor\codeigniter4\framework\system\Commands\Server\rewrite.php(43): require_once('C:\\xampp\\htdocs...')
#6 {main}
CRITICAL - 2022-07-20 03:34:05 --> Undefined index: id
#0 C:\xampp\htdocs\bismillah_pa\app\Controllers\admin.php(69): CodeIgniter\Debug\Exceptions->errorHandler(8, 'Undefined index...', 'C:\\xampp\\htdocs...', 69, Array)
#1 C:\xampp\htdocs\bismillah_pa\vendor\codeigniter4\framework\system\CodeIgniter.php(832): App\Controllers\admin->tambah_lomba()
#2 C:\xampp\htdocs\bismillah_pa\vendor\codeigniter4\framework\system\CodeIgniter.php(419): CodeIgniter\CodeIgniter->runController(Object(App\Controllers\admin))
#3 C:\xampp\htdocs\bismillah_pa\vendor\codeigniter4\framework\system\CodeIgniter.php(326): CodeIgniter\CodeIgniter->handleRequest(NULL, Object(Config\Cache), false)
#4 C:\xampp\htdocs\bismillah_pa\public\index.php(37): CodeIgniter\CodeIgniter->run()
#5 C:\xampp\htdocs\bismillah_pa\vendor\codeigniter4\framework\system\Commands\Server\rewrite.php(43): require_once('C:\\xampp\\htdocs...')
#6 {main}
CRITICAL - 2022-07-20 03:34:53 --> Undefined index: id
#0 C:\xampp\htdocs\bismillah_pa\app\Controllers\admin.php(69): CodeIgniter\Debug\Exceptions->errorHandler(8, 'Undefined index...', 'C:\\xampp\\htdocs...', 69, Array)
#1 C:\xampp\htdocs\bismillah_pa\vendor\codeigniter4\framework\system\CodeIgniter.php(832): App\Controllers\admin->tambah_lomba()
#2 C:\xampp\htdocs\bismillah_pa\vendor\codeigniter4\framework\system\CodeIgniter.php(419): CodeIgniter\CodeIgniter->runController(Object(App\Controllers\admin))
#3 C:\xampp\htdocs\bismillah_pa\vendor\codeigniter4\framework\system\CodeIgniter.php(326): CodeIgniter\CodeIgniter->handleRequest(NULL, Object(Config\Cache), false)
#4 C:\xampp\htdocs\bismillah_pa\public\index.php(37): CodeIgniter\CodeIgniter->run()
#5 C:\xampp\htdocs\bismillah_pa\vendor\codeigniter4\framework\system\Commands\Server\rewrite.php(43): require_once('C:\\xampp\\htdocs...')
#6 {main}
CRITICAL - 2022-07-20 03:37:05 --> Undefined index: id
#0 C:\xampp\htdocs\bismillah_pa\app\Controllers\admin.php(70): CodeIgniter\Debug\Exceptions->errorHandler(8, 'Undefined index...', 'C:\\xampp\\htdocs...', 70, Array)
#1 C:\xampp\htdocs\bismillah_pa\vendor\codeigniter4\framework\system\CodeIgniter.php(832): App\Controllers\admin->tambah_lomba()
#2 C:\xampp\htdocs\bismillah_pa\vendor\codeigniter4\framework\system\CodeIgniter.php(419): CodeIgniter\CodeIgniter->runController(Object(App\Controllers\admin))
#3 C:\xampp\htdocs\bismillah_pa\vendor\codeigniter4\framework\system\CodeIgniter.php(326): CodeIgniter\CodeIgniter->handleRequest(NULL, Object(Config\Cache), false)
#4 C:\xampp\htdocs\bismillah_pa\public\index.php(37): CodeIgniter\CodeIgniter->run()
#5 C:\xampp\htdocs\bismillah_pa\vendor\codeigniter4\framework\system\Commands\Server\rewrite.php(43): require_once('C:\\xampp\\htdocs...')
#6 {main}
CRITICAL - 2022-07-20 03:41:50 --> syntax error, unexpected '++' (T_INC)
#0 C:\xampp\htdocs\bismillah_pa\vendor\codeigniter4\framework\system\Router\Router.php(175): CodeIgniter\Router\Router->autoRoute('admin/tambah_lo...')
#1 C:\xampp\htdocs\bismillah_pa\vendor\codeigniter4\framework\system\CodeIgniter.php(726): CodeIgniter\Router\Router->handle('admin/tambah_lo...')
#2 C:\xampp\htdocs\bismillah_pa\vendor\codeigniter4\framework\system\CodeIgniter.php(368): CodeIgniter\CodeIgniter->tryToRouteIt(Object(CodeIgniter\Router\RouteCollection))
#3 C:\xampp\htdocs\bismillah_pa\vendor\codeigniter4\framework\system\CodeIgniter.php(326): CodeIgniter\CodeIgniter->handleRequest(NULL, Object(Config\Cache), false)
#4 C:\xampp\htdocs\bismillah_pa\public\index.php(37): CodeIgniter\CodeIgniter->run()
#5 C:\xampp\htdocs\bismillah_pa\vendor\codeigniter4\framework\system\Commands\Server\rewrite.php(43): require_once('C:\\xampp\\htdocs...')
#6 {main}
CRITICAL - 2022-07-20 03:42:32 --> Undefined offset: 4
#0 C:\xampp\htdocs\bismillah_pa\app\Controllers\admin.php(74): CodeIgniter\Debug\Exceptions->errorHandler(8, 'Undefined offse...', 'C:\\xampp\\htdocs...', 74, Array)
#1 C:\xampp\htdocs\bismillah_pa\vendor\codeigniter4\framework\system\CodeIgniter.php(832): App\Controllers\admin->tambah_lomba()
#2 C:\xampp\htdocs\bismillah_pa\vendor\codeigniter4\framework\system\CodeIgniter.php(419): CodeIgniter\CodeIgniter->runController(Object(App\Controllers\admin))
#3 C:\xampp\htdocs\bismillah_pa\vendor\codeigniter4\framework\system\CodeIgniter.php(326): CodeIgniter\CodeIgniter->handleRequest(NULL, Object(Config\Cache), false)
#4 C:\xampp\htdocs\bismillah_pa\public\index.php(37): CodeIgniter\CodeIgniter->run()
#5 C:\xampp\htdocs\bismillah_pa\vendor\codeigniter4\framework\system\Commands\Server\rewrite.php(43): require_once('C:\\xampp\\htdocs...')
#6 {main}
CRITICAL - 2022-07-20 03:43:10 --> Cannot use object of type CodeIgniter\Database\MySQLi\Result as array
#0 C:\xampp\htdocs\bismillah_pa\vendor\codeigniter4\framework\system\View\View.php(210): include()
#1 C:\xampp\htdocs\bismillah_pa\vendor\codeigniter4\framework\system\View\View.php(213): CodeIgniter\View\View->CodeIgniter\View\{closure}()
#2 C:\xampp\htdocs\bismillah_pa\vendor\codeigniter4\framework\system\Common.php(1089): CodeIgniter\View\View->render('pages/admin_upc...', Array, true)
#3 C:\xampp\htdocs\bismillah_pa\app\Controllers\admin.php(82): view('pages/admin_upc...', Array)
#4 C:\xampp\htdocs\bismillah_pa\vendor\codeigniter4\framework\system\CodeIgniter.php(832): App\Controllers\admin->tambah_lomba()
#5 C:\xampp\htdocs\bismillah_pa\vendor\codeigniter4\framework\system\CodeIgniter.php(419): CodeIgniter\CodeIgniter->runController(Object(App\Controllers\admin))
#6 C:\xampp\htdocs\bismillah_pa\vendor\codeigniter4\framework\system\CodeIgniter.php(326): CodeIgniter\CodeIgniter->handleRequest(NULL, Object(Config\Cache), false)
#7 C:\xampp\htdocs\bismillah_pa\public\index.php(37): CodeIgniter\CodeIgniter->run()
#8 C:\xampp\htdocs\bismillah_pa\vendor\codeigniter4\framework\system\Commands\Server\rewrite.php(43): require_once('C:\\xampp\\htdocs...')
#9 {main}
CRITICAL - 2022-07-20 03:43:22 --> Cannot use object of type CodeIgniter\Database\MySQLi\Result as array
#0 C:\xampp\htdocs\bismillah_pa\vendor\codeigniter4\framework\system\View\View.php(210): include()
#1 C:\xampp\htdocs\bismillah_pa\vendor\codeigniter4\framework\system\View\View.php(213): CodeIgniter\View\View->CodeIgniter\View\{closure}()
#2 C:\xampp\htdocs\bismillah_pa\vendor\codeigniter4\framework\system\Common.php(1089): CodeIgniter\View\View->render('pages/admin_upc...', Array, true)
#3 C:\xampp\htdocs\bismillah_pa\app\Controllers\admin.php(82): view('pages/admin_upc...', Array)
#4 C:\xampp\htdocs\bismillah_pa\vendor\codeigniter4\framework\system\CodeIgniter.php(832): App\Controllers\admin->tambah_lomba()
#5 C:\xampp\htdocs\bismillah_pa\vendor\codeigniter4\framework\system\CodeIgniter.php(419): CodeIgniter\CodeIgniter->runController(Object(App\Controllers\admin))
#6 C:\xampp\htdocs\bismillah_pa\vendor\codeigniter4\framework\system\CodeIgniter.php(326): CodeIgniter\CodeIgniter->handleRequest(NULL, Object(Config\Cache), false)
#7 C:\xampp\htdocs\bismillah_pa\public\index.php(37): CodeIgniter\CodeIgniter->run()
#8 C:\xampp\htdocs\bismillah_pa\vendor\codeigniter4\framework\system\Commands\Server\rewrite.php(43): require_once('C:\\xampp\\htdocs...')
#9 {main}
CRITICAL - 2022-07-20 03:44:08 --> Call to undefined method App\Models\lombaModel::getResultArray
#0 C:\xampp\htdocs\bismillah_pa\app\Models\lombaModel.php(49): CodeIgniter\Model->__call('getResultArray', Array)
#1 C:\xampp\htdocs\bismillah_pa\app\Controllers\admin.php(74): App\Models\lombaModel->datatanggal('19')
#2 C:\xampp\htdocs\bismillah_pa\vendor\codeigniter4\framework\system\CodeIgniter.php(832): App\Controllers\admin->tambah_lomba()
#3 C:\xampp\htdocs\bismillah_pa\vendor\codeigniter4\framework\system\CodeIgniter.php(419): CodeIgniter\CodeIgniter->runController(Object(App\Controllers\admin))
#4 C:\xampp\htdocs\bismillah_pa\vendor\codeigniter4\framework\system\CodeIgniter.php(326): CodeIgniter\CodeIgniter->handleRequest(NULL, Object(Config\Cache), false)
#5 C:\xampp\htdocs\bismillah_pa\public\index.php(37): CodeIgniter\CodeIgniter->run()
#6 C:\xampp\htdocs\bismillah_pa\vendor\codeigniter4\framework\system\Commands\Server\rewrite.php(43): require_once('C:\\xampp\\htdocs...')
#7 {main}
CRITICAL - 2022-07-20 03:44:14 --> Call to undefined method App\Models\lombaModel::getResult
#0 C:\xampp\htdocs\bismillah_pa\app\Models\lombaModel.php(49): CodeIgniter\Model->__call('getResult', Array)
#1 C:\xampp\htdocs\bismillah_pa\app\Controllers\admin.php(74): App\Models\lombaModel->datatanggal('19')
#2 C:\xampp\htdocs\bismillah_pa\vendor\codeigniter4\framework\system\CodeIgniter.php(832): App\Controllers\admin->tambah_lomba()
#3 C:\xampp\htdocs\bismillah_pa\vendor\codeigniter4\framework\system\CodeIgniter.php(419): CodeIgniter\CodeIgniter->runController(Object(App\Controllers\admin))
#4 C:\xampp\htdocs\bismillah_pa\vendor\codeigniter4\framework\system\CodeIgniter.php(326): CodeIgniter\CodeIgniter->handleRequest(NULL, Object(Config\Cache), false)
#5 C:\xampp\htdocs\bismillah_pa\public\index.php(37): CodeIgniter\CodeIgniter->run()
#6 C:\xampp\htdocs\bismillah_pa\vendor\codeigniter4\framework\system\Commands\Server\rewrite.php(43): require_once('C:\\xampp\\htdocs...')
#7 {main}
CRITICAL - 2022-07-20 03:45:09 --> Array to string conversion
#0 C:\xampp\htdocs\bismillah_pa\app\Views\pages\admin_upcoming_lomba.php(58): CodeIgniter\Debug\Exceptions->errorHandler(8, 'Array to string...', 'C:\\xampp\\htdocs...', 58, Array)
#1 C:\xampp\htdocs\bismillah_pa\vendor\codeigniter4\framework\system\View\View.php(210): include('C:\\xampp\\htdocs...')
#2 C:\xampp\htdocs\bismillah_pa\vendor\codeigniter4\framework\system\View\View.php(213): CodeIgniter\View\View->CodeIgniter\View\{closure}()
#3 C:\xampp\htdocs\bismillah_pa\vendor\codeigniter4\framework\system\Common.php(1089): CodeIgniter\View\View->render('pages/admin_upc...', Array, true)
#4 C:\xampp\htdocs\bismillah_pa\app\Controllers\admin.php(82): view('pages/admin_upc...', Array)
#5 C:\xampp\htdocs\bismillah_pa\vendor\codeigniter4\framework\system\CodeIgniter.php(832): App\Controllers\admin->tambah_lomba()
#6 C:\xampp\htdocs\bismillah_pa\vendor\codeigniter4\framework\system\CodeIgniter.php(419): CodeIgniter\CodeIgniter->runController(Object(App\Controllers\admin))
#7 C:\xampp\htdocs\bismillah_pa\vendor\codeigniter4\framework\system\CodeIgniter.php(326): CodeIgniter\CodeIgniter->handleRequest(NULL, Object(Config\Cache), false)
#8 C:\xampp\htdocs\bismillah_pa\public\index.php(37): CodeIgniter\CodeIgniter->run()
#9 C:\xampp\htdocs\bismillah_pa\vendor\codeigniter4\framework\system\Commands\Server\rewrite.php(43): require_once('C:\\xampp\\htdocs...')
#10 {main}
CRITICAL - 2022-07-20 03:45:16 --> Array to string conversion
#0 C:\xampp\htdocs\bismillah_pa\app\Views\pages\admin_upcoming_lomba.php(58): CodeIgniter\Debug\Exceptions->errorHandler(8, 'Array to string...', 'C:\\xampp\\htdocs...', 58, Array)
#1 C:\xampp\htdocs\bismillah_pa\vendor\codeigniter4\framework\system\View\View.php(210): include('C:\\xampp\\htdocs...')
#2 C:\xampp\htdocs\bismillah_pa\vendor\codeigniter4\framework\system\View\View.php(213): CodeIgniter\View\View->CodeIgniter\View\{closure}()
#3 C:\xampp\htdocs\bismillah_pa\vendor\codeigniter4\framework\system\Common.php(1089): CodeIgniter\View\View->render('pages/admin_upc...', Array, true)
#4 C:\xampp\htdocs\bismillah_pa\app\Controllers\admin.php(82): view('pages/admin_upc...', Array)
#5 C:\xampp\htdocs\bismillah_pa\vendor\codeigniter4\framework\system\CodeIgniter.php(832): App\Controllers\admin->tambah_lomba()
#6 C:\xampp\htdocs\bismillah_pa\vendor\codeigniter4\framework\system\CodeIgniter.php(419): CodeIgniter\CodeIgniter->runController(Object(App\Controllers\admin))
#7 C:\xampp\htdocs\bismillah_pa\vendor\codeigniter4\framework\system\CodeIgniter.php(326): CodeIgniter\CodeIgniter->handleRequest(NULL, Object(Config\Cache), false)
#8 C:\xampp\htdocs\bismillah_pa\public\index.php(37): CodeIgniter\CodeIgniter->run()
#9 C:\xampp\htdocs\bismillah_pa\vendor\codeigniter4\framework\system\Commands\Server\rewrite.php(43): require_once('C:\\xampp\\htdocs...')
#10 {main}
CRITICAL - 2022-07-20 03:45:52 --> Undefined index: 
#0 C:\xampp\htdocs\bismillah_pa\app\Views\pages\admin_upcoming_lomba.php(58): CodeIgniter\Debug\Exceptions->errorHandler(8, 'Undefined index...', 'C:\\xampp\\htdocs...', 58, Array)
#1 C:\xampp\htdocs\bismillah_pa\vendor\codeigniter4\framework\system\View\View.php(210): include('C:\\xampp\\htdocs...')
#2 C:\xampp\htdocs\bismillah_pa\vendor\codeigniter4\framework\system\View\View.php(213): CodeIgniter\View\View->CodeIgniter\View\{closure}()
#3 C:\xampp\htdocs\bismillah_pa\vendor\codeigniter4\framework\system\Common.php(1089): CodeIgniter\View\View->render('pages/admin_upc...', Array, true)
#4 C:\xampp\htdocs\bismillah_pa\app\Controllers\admin.php(82): view('pages/admin_upc...', Array)
#5 C:\xampp\htdocs\bismillah_pa\vendor\codeigniter4\framework\system\CodeIgniter.php(832): App\Controllers\admin->tambah_lomba()
#6 C:\xampp\htdocs\bismillah_pa\vendor\codeigniter4\framework\system\CodeIgniter.php(419): CodeIgniter\CodeIgniter->runController(Object(App\Controllers\admin))
#7 C:\xampp\htdocs\bismillah_pa\vendor\codeigniter4\framework\system\CodeIgniter.php(326): CodeIgniter\CodeIgniter->handleRequest(NULL, Object(Config\Cache), false)
#8 C:\xampp\htdocs\bismillah_pa\public\index.php(37): CodeIgniter\CodeIgniter->run()
#9 C:\xampp\htdocs\bismillah_pa\vendor\codeigniter4\framework\system\Commands\Server\rewrite.php(43): require_once('C:\\xampp\\htdocs...')
#10 {main}
CRITICAL - 2022-07-20 03:46:26 --> Undefined index: "TIMESTAMPDIFF(day, `Deadline`, curdate())"
#0 C:\xampp\htdocs\bismillah_pa\app\Views\pages\admin_upcoming_lomba.php(58): CodeIgniter\Debug\Exceptions->errorHandler(8, 'Undefined index...', 'C:\\xampp\\htdocs...', 58, Array)
#1 C:\xampp\htdocs\bismillah_pa\vendor\codeigniter4\framework\system\View\View.php(210): include('C:\\xampp\\htdocs...')
#2 C:\xampp\htdocs\bismillah_pa\vendor\codeigniter4\framework\system\View\View.php(213): CodeIgniter\View\View->CodeIgniter\View\{closure}()
#3 C:\xampp\htdocs\bismillah_pa\vendor\codeigniter4\framework\system\Common.php(1089): CodeIgniter\View\View->render('pages/admin_upc...', Array, true)
#4 C:\xampp\htdocs\bismillah_pa\app\Controllers\admin.php(82): view('pages/admin_upc...', Array)
#5 C:\xampp\htdocs\bismillah_pa\vendor\codeigniter4\framework\system\CodeIgniter.php(832): App\Controllers\admin->tambah_lomba()
#6 C:\xampp\htdocs\bismillah_pa\vendor\codeigniter4\framework\system\CodeIgniter.php(419): CodeIgniter\CodeIgniter->runController(Object(App\Controllers\admin))
#7 C:\xampp\htdocs\bismillah_pa\vendor\codeigniter4\framework\system\CodeIgniter.php(326): CodeIgniter\CodeIgniter->handleRequest(NULL, Object(Config\Cache), false)
#8 C:\xampp\htdocs\bismillah_pa\public\index.php(37): CodeIgniter\CodeIgniter->run()
#9 C:\xampp\htdocs\bismillah_pa\vendor\codeigniter4\framework\system\Commands\Server\rewrite.php(43): require_once('C:\\xampp\\htdocs...')
#10 {main}
CRITICAL - 2022-07-20 03:52:54 --> Array to string conversion
#0 C:\xampp\htdocs\bismillah_pa\app\Models\lombaModel.php(46): CodeIgniter\Debug\Exceptions->errorHandler(8, 'Array to string...', 'C:\\xampp\\htdocs...', 46, Array)
#1 C:\xampp\htdocs\bismillah_pa\app\Controllers\admin.php(75): App\Models\lombaModel->datatanggal(Array)
#2 C:\xampp\htdocs\bismillah_pa\vendor\codeigniter4\framework\system\CodeIgniter.php(832): App\Controllers\admin->tambah_lomba()
#3 C:\xampp\htdocs\bismillah_pa\vendor\codeigniter4\framework\system\CodeIgniter.php(419): CodeIgniter\CodeIgniter->runController(Object(App\Controllers\admin))
#4 C:\xampp\htdocs\bismillah_pa\vendor\codeigniter4\framework\system\CodeIgniter.php(326): CodeIgniter\CodeIgniter->handleRequest(NULL, Object(Config\Cache), false)
#5 C:\xampp\htdocs\bismillah_pa\public\index.php(37): CodeIgniter\CodeIgniter->run()
#6 C:\xampp\htdocs\bismillah_pa\vendor\codeigniter4\framework\system\Commands\Server\rewrite.php(43): require_once('C:\\xampp\\htdocs...')
#7 {main}
CRITICAL - 2022-07-20 03:55:27 --> Undefined index: TIMESTAMPDIFF(day, `Deadline`, curdate())
#0 C:\xampp\htdocs\bismillah_pa\app\Views\pages\admin_upcoming_lomba.php(58): CodeIgniter\Debug\Exceptions->errorHandler(8, 'Undefined index...', 'C:\\xampp\\htdocs...', 58, Array)
#1 C:\xampp\htdocs\bismillah_pa\vendor\codeigniter4\framework\system\View\View.php(210): include('C:\\xampp\\htdocs...')
#2 C:\xampp\htdocs\bismillah_pa\vendor\codeigniter4\framework\system\View\View.php(213): CodeIgniter\View\View->CodeIgniter\View\{closure}()
#3 C:\xampp\htdocs\bismillah_pa\vendor\codeigniter4\framework\system\Common.php(1089): CodeIgniter\View\View->render('pages/admin_upc...', Array, true)
#4 C:\xampp\htdocs\bismillah_pa\app\Controllers\admin.php(85): view('pages/admin_upc...', Array)
#5 C:\xampp\htdocs\bismillah_pa\vendor\codeigniter4\framework\system\CodeIgniter.php(832): App\Controllers\admin->tambah_lomba()
#6 C:\xampp\htdocs\bismillah_pa\vendor\codeigniter4\framework\system\CodeIgniter.php(419): CodeIgniter\CodeIgniter->runController(Object(App\Controllers\admin))
#7 C:\xampp\htdocs\bismillah_pa\vendor\codeigniter4\framework\system\CodeIgniter.php(326): CodeIgniter\CodeIgniter->handleRequest(NULL, Object(Config\Cache), false)
#8 C:\xampp\htdocs\bismillah_pa\public\index.php(37): CodeIgniter\CodeIgniter->run()
#9 C:\xampp\htdocs\bismillah_pa\vendor\codeigniter4\framework\system\Commands\Server\rewrite.php(43): require_once('C:\\xampp\\htdocs...')
#10 {main}
CRITICAL - 2022-07-20 03:55:27 --> Undefined index: TIMESTAMPDIFF(day, `Deadline`, curdate())
#0 C:\xampp\htdocs\bismillah_pa\app\Views\pages\admin_upcoming_lomba.php(58): CodeIgniter\Debug\Exceptions->errorHandler(8, 'Undefined index...', 'C:\\xampp\\htdocs...', 58, Array)
#1 C:\xampp\htdocs\bismillah_pa\vendor\codeigniter4\framework\system\View\View.php(210): include('C:\\xampp\\htdocs...')
#2 C:\xampp\htdocs\bismillah_pa\vendor\codeigniter4\framework\system\View\View.php(213): CodeIgniter\View\View->CodeIgniter\View\{closure}()
#3 C:\xampp\htdocs\bismillah_pa\vendor\codeigniter4\framework\system\Common.php(1089): CodeIgniter\View\View->render('pages/admin_upc...', Array, true)
#4 C:\xampp\htdocs\bismillah_pa\app\Controllers\admin.php(85): view('pages/admin_upc...', Array)
#5 C:\xampp\htdocs\bismillah_pa\vendor\codeigniter4\framework\system\CodeIgniter.php(832): App\Controllers\admin->tambah_lomba()
#6 C:\xampp\htdocs\bismillah_pa\vendor\codeigniter4\framework\system\CodeIgniter.php(419): CodeIgniter\CodeIgniter->runController(Object(App\Controllers\admin))
#7 C:\xampp\htdocs\bismillah_pa\vendor\codeigniter4\framework\system\CodeIgniter.php(326): CodeIgniter\CodeIgniter->handleRequest(NULL, Object(Config\Cache), false)
#8 C:\xampp\htdocs\bismillah_pa\public\index.php(37): CodeIgniter\CodeIgniter->run()
#9 C:\xampp\htdocs\bismillah_pa\vendor\codeigniter4\framework\system\Commands\Server\rewrite.php(43): require_once('C:\\xampp\\htdocs...')
#10 {main}
CRITICAL - 2022-07-20 03:55:42 --> Undefined offset: 1
#0 C:\xampp\htdocs\bismillah_pa\app\Views\pages\admin_upcoming_lomba.php(58): CodeIgniter\Debug\Exceptions->errorHandler(8, 'Undefined offse...', 'C:\\xampp\\htdocs...', 58, Array)
#1 C:\xampp\htdocs\bismillah_pa\vendor\codeigniter4\framework\system\View\View.php(210): include('C:\\xampp\\htdocs...')
#2 C:\xampp\htdocs\bismillah_pa\vendor\codeigniter4\framework\system\View\View.php(213): CodeIgniter\View\View->CodeIgniter\View\{closure}()
#3 C:\xampp\htdocs\bismillah_pa\vendor\codeigniter4\framework\system\Common.php(1089): CodeIgniter\View\View->render('pages/admin_upc...', Array, true)
#4 C:\xampp\htdocs\bismillah_pa\app\Controllers\admin.php(85): view('pages/admin_upc...', Array)
#5 C:\xampp\htdocs\bismillah_pa\vendor\codeigniter4\framework\system\CodeIgniter.php(832): App\Controllers\admin->tambah_lomba()
#6 C:\xampp\htdocs\bismillah_pa\vendor\codeigniter4\framework\system\CodeIgniter.php(419): CodeIgniter\CodeIgniter->runController(Object(App\Controllers\admin))
#7 C:\xampp\htdocs\bismillah_pa\vendor\codeigniter4\framework\system\CodeIgniter.php(326): CodeIgniter\CodeIgniter->handleRequest(NULL, Object(Config\Cache), false)
#8 C:\xampp\htdocs\bismillah_pa\public\index.php(37): CodeIgniter\CodeIgniter->run()
#9 C:\xampp\htdocs\bismillah_pa\vendor\codeigniter4\framework\system\Commands\Server\rewrite.php(43): require_once('C:\\xampp\\htdocs...')
#10 {main}
CRITICAL - 2022-07-20 03:55:49 --> Undefined offset: -1
#0 C:\xampp\htdocs\bismillah_pa\app\Views\pages\admin_upcoming_lomba.php(58): CodeIgniter\Debug\Exceptions->errorHandler(8, 'Undefined offse...', 'C:\\xampp\\htdocs...', 58, Array)
#1 C:\xampp\htdocs\bismillah_pa\vendor\codeigniter4\framework\system\View\View.php(210): include('C:\\xampp\\htdocs...')
#2 C:\xampp\htdocs\bismillah_pa\vendor\codeigniter4\framework\system\View\View.php(213): CodeIgniter\View\View->CodeIgniter\View\{closure}()
#3 C:\xampp\htdocs\bismillah_pa\vendor\codeigniter4\framework\system\Common.php(1089): CodeIgniter\View\View->render('pages/admin_upc...', Array, true)
#4 C:\xampp\htdocs\bismillah_pa\app\Controllers\admin.php(85): view('pages/admin_upc...', Array)
#5 C:\xampp\htdocs\bismillah_pa\vendor\codeigniter4\framework\system\CodeIgniter.php(832): App\Controllers\admin->tambah_lomba()
#6 C:\xampp\htdocs\bismillah_pa\vendor\codeigniter4\framework\system\CodeIgniter.php(419): CodeIgniter\CodeIgniter->runController(Object(App\Controllers\admin))
#7 C:\xampp\htdocs\bismillah_pa\vendor\codeigniter4\framework\system\CodeIgniter.php(326): CodeIgniter\CodeIgniter->handleRequest(NULL, Object(Config\Cache), false)
#8 C:\xampp\htdocs\bismillah_pa\public\index.php(37): CodeIgniter\CodeIgniter->run()
#9 C:\xampp\htdocs\bismillah_pa\vendor\codeigniter4\framework\system\Commands\Server\rewrite.php(43): require_once('C:\\xampp\\htdocs...')
#10 {main}
CRITICAL - 2022-07-20 03:56:12 --> Undefined offset: -1
#0 C:\xampp\htdocs\bismillah_pa\app\Views\pages\admin_upcoming_lomba.php(59): CodeIgniter\Debug\Exceptions->errorHandler(8, 'Undefined offse...', 'C:\\xampp\\htdocs...', 59, Array)
#1 C:\xampp\htdocs\bismillah_pa\vendor\codeigniter4\framework\system\View\View.php(210): include('C:\\xampp\\htdocs...')
#2 C:\xampp\htdocs\bismillah_pa\vendor\codeigniter4\framework\system\View\View.php(213): CodeIgniter\View\View->CodeIgniter\View\{closure}()
#3 C:\xampp\htdocs\bismillah_pa\vendor\codeigniter4\framework\system\Common.php(1089): CodeIgniter\View\View->render('pages/admin_upc...', Array, true)
#4 C:\xampp\htdocs\bismillah_pa\app\Controllers\admin.php(85): view('pages/admin_upc...', Array)
#5 C:\xampp\htdocs\bismillah_pa\vendor\codeigniter4\framework\system\CodeIgniter.php(832): App\Controllers\admin->tambah_lomba()
#6 C:\xampp\htdocs\bismillah_pa\vendor\codeigniter4\framework\system\CodeIgniter.php(419): CodeIgniter\CodeIgniter->runController(Object(App\Controllers\admin))
#7 C:\xampp\htdocs\bismillah_pa\vendor\codeigniter4\framework\system\CodeIgniter.php(326): CodeIgniter\CodeIgniter->handleRequest(NULL, Object(Config\Cache), false)
#8 C:\xampp\htdocs\bismillah_pa\public\index.php(37): CodeIgniter\CodeIgniter->run()
#9 C:\xampp\htdocs\bismillah_pa\vendor\codeigniter4\framework\system\Commands\Server\rewrite.php(43): require_once('C:\\xampp\\htdocs...')
#10 {main}
CRITICAL - 2022-07-20 03:56:34 --> Undefined offset: 1
#0 C:\xampp\htdocs\bismillah_pa\app\Views\pages\admin_upcoming_lomba.php(60): CodeIgniter\Debug\Exceptions->errorHandler(8, 'Undefined offse...', 'C:\\xampp\\htdocs...', 60, Array)
#1 C:\xampp\htdocs\bismillah_pa\vendor\codeigniter4\framework\system\View\View.php(210): include('C:\\xampp\\htdocs...')
#2 C:\xampp\htdocs\bismillah_pa\vendor\codeigniter4\framework\system\View\View.php(213): CodeIgniter\View\View->CodeIgniter\View\{closure}()
#3 C:\xampp\htdocs\bismillah_pa\vendor\codeigniter4\framework\system\Common.php(1089): CodeIgniter\View\View->render('pages/admin_upc...', Array, true)
#4 C:\xampp\htdocs\bismillah_pa\app\Controllers\admin.php(85): view('pages/admin_upc...', Array)
#5 C:\xampp\htdocs\bismillah_pa\vendor\codeigniter4\framework\system\CodeIgniter.php(832): App\Controllers\admin->tambah_lomba()
#6 C:\xampp\htdocs\bismillah_pa\vendor\codeigniter4\framework\system\CodeIgniter.php(419): CodeIgniter\CodeIgniter->runController(Object(App\Controllers\admin))
#7 C:\xampp\htdocs\bismillah_pa\vendor\codeigniter4\framework\system\CodeIgniter.php(326): CodeIgniter\CodeIgniter->handleRequest(NULL, Object(Config\Cache), false)
#8 C:\xampp\htdocs\bismillah_pa\public\index.php(37): CodeIgniter\CodeIgniter->run()
#9 C:\xampp\htdocs\bismillah_pa\vendor\codeigniter4\framework\system\Commands\Server\rewrite.php(43): require_once('C:\\xampp\\htdocs...')
#10 {main}
CRITICAL - 2022-07-20 03:56:56 --> Undefined offset: 1
#0 C:\xampp\htdocs\bismillah_pa\app\Views\pages\admin_upcoming_lomba.php(60): CodeIgniter\Debug\Exceptions->errorHandler(8, 'Undefined offse...', 'C:\\xampp\\htdocs...', 60, Array)
#1 C:\xampp\htdocs\bismillah_pa\vendor\codeigniter4\framework\system\View\View.php(210): include('C:\\xampp\\htdocs...')
#2 C:\xampp\htdocs\bismillah_pa\vendor\codeigniter4\framework\system\View\View.php(213): CodeIgniter\View\View->CodeIgniter\View\{closure}()
#3 C:\xampp\htdocs\bismillah_pa\vendor\codeigniter4\framework\system\Common.php(1089): CodeIgniter\View\View->render('pages/admin_upc...', Array, true)
#4 C:\xampp\htdocs\bismillah_pa\app\Controllers\admin.php(85): view('pages/admin_upc...', Array)
#5 C:\xampp\htdocs\bismillah_pa\vendor\codeigniter4\framework\system\CodeIgniter.php(832): App\Controllers\admin->tambah_lomba()
#6 C:\xampp\htdocs\bismillah_pa\vendor\codeigniter4\framework\system\CodeIgniter.php(419): CodeIgniter\CodeIgniter->runController(Object(App\Controllers\admin))
#7 C:\xampp\htdocs\bismillah_pa\vendor\codeigniter4\framework\system\CodeIgniter.php(326): CodeIgniter\CodeIgniter->handleRequest(NULL, Object(Config\Cache), false)
#8 C:\xampp\htdocs\bismillah_pa\public\index.php(37): CodeIgniter\CodeIgniter->run()
#9 C:\xampp\htdocs\bismillah_pa\vendor\codeigniter4\framework\system\Commands\Server\rewrite.php(43): require_once('C:\\xampp\\htdocs...')
#10 {main}
CRITICAL - 2022-07-20 03:57:10 --> Undefined offset: 1
#0 C:\xampp\htdocs\bismillah_pa\app\Views\pages\admin_upcoming_lomba.php(60): CodeIgniter\Debug\Exceptions->errorHandler(8, 'Undefined offse...', 'C:\\xampp\\htdocs...', 60, Array)
#1 C:\xampp\htdocs\bismillah_pa\vendor\codeigniter4\framework\system\View\View.php(210): include('C:\\xampp\\htdocs...')
#2 C:\xampp\htdocs\bismillah_pa\vendor\codeigniter4\framework\system\View\View.php(213): CodeIgniter\View\View->CodeIgniter\View\{closure}()
#3 C:\xampp\htdocs\bismillah_pa\vendor\codeigniter4\framework\system\Common.php(1089): CodeIgniter\View\View->render('pages/admin_upc...', Array, true)
#4 C:\xampp\htdocs\bismillah_pa\app\Controllers\admin.php(85): view('pages/admin_upc...', Array)
#5 C:\xampp\htdocs\bismillah_pa\vendor\codeigniter4\framework\system\CodeIgniter.php(832): App\Controllers\admin->tambah_lomba()
#6 C:\xampp\htdocs\bismillah_pa\vendor\codeigniter4\framework\system\CodeIgniter.php(419): CodeIgniter\CodeIgniter->runController(Object(App\Controllers\admin))
#7 C:\xampp\htdocs\bismillah_pa\vendor\codeigniter4\framework\system\CodeIgniter.php(326): CodeIgniter\CodeIgniter->handleRequest(NULL, Object(Config\Cache), false)
#8 C:\xampp\htdocs\bismillah_pa\public\index.php(37): CodeIgniter\CodeIgniter->run()
#9 C:\xampp\htdocs\bismillah_pa\vendor\codeigniter4\framework\system\Commands\Server\rewrite.php(43): require_once('C:\\xampp\\htdocs...')
#10 {main}
CRITICAL - 2022-07-20 03:57:19 --> Undefined offset: 1
#0 C:\xampp\htdocs\bismillah_pa\app\Views\pages\admin_upcoming_lomba.php(60): CodeIgniter\Debug\Exceptions->errorHandler(8, 'Undefined offse...', 'C:\\xampp\\htdocs...', 60, Array)
#1 C:\xampp\htdocs\bismillah_pa\vendor\codeigniter4\framework\system\View\View.php(210): include('C:\\xampp\\htdocs...')
#2 C:\xampp\htdocs\bismillah_pa\vendor\codeigniter4\framework\system\View\View.php(213): CodeIgniter\View\View->CodeIgniter\View\{closure}()
#3 C:\xampp\htdocs\bismillah_pa\vendor\codeigniter4\framework\system\Common.php(1089): CodeIgniter\View\View->render('pages/admin_upc...', Array, true)
#4 C:\xampp\htdocs\bismillah_pa\app\Controllers\admin.php(85): view('pages/admin_upc...', Array)
#5 C:\xampp\htdocs\bismillah_pa\vendor\codeigniter4\framework\system\CodeIgniter.php(832): App\Controllers\admin->tambah_lomba()
#6 C:\xampp\htdocs\bismillah_pa\vendor\codeigniter4\framework\system\CodeIgniter.php(419): CodeIgniter\CodeIgniter->runController(Object(App\Controllers\admin))
#7 C:\xampp\htdocs\bismillah_pa\vendor\codeigniter4\framework\system\CodeIgniter.php(326): CodeIgniter\CodeIgniter->handleRequest(NULL, Object(Config\Cache), false)
#8 C:\xampp\htdocs\bismillah_pa\public\index.php(37): CodeIgniter\CodeIgniter->run()
#9 C:\xampp\htdocs\bismillah_pa\vendor\codeigniter4\framework\system\Commands\Server\rewrite.php(43): require_once('C:\\xampp\\htdocs...')
#10 {main}
CRITICAL - 2022-07-20 03:57:25 --> Undefined offset: 1
#0 C:\xampp\htdocs\bismillah_pa\app\Views\pages\admin_upcoming_lomba.php(60): CodeIgniter\Debug\Exceptions->errorHandler(8, 'Undefined offse...', 'C:\\xampp\\htdocs...', 60, Array)
#1 C:\xampp\htdocs\bismillah_pa\vendor\codeigniter4\framework\system\View\View.php(210): include('C:\\xampp\\htdocs...')
#2 C:\xampp\htdocs\bismillah_pa\vendor\codeigniter4\framework\system\View\View.php(213): CodeIgniter\View\View->CodeIgniter\View\{closure}()
#3 C:\xampp\htdocs\bismillah_pa\vendor\codeigniter4\framework\system\Common.php(1089): CodeIgniter\View\View->render('pages/admin_upc...', Array, true)
#4 C:\xampp\htdocs\bismillah_pa\app\Controllers\admin.php(85): view('pages/admin_upc...', Array)
#5 C:\xampp\htdocs\bismillah_pa\vendor\codeigniter4\framework\system\CodeIgniter.php(832): App\Controllers\admin->tambah_lomba()
#6 C:\xampp\htdocs\bismillah_pa\vendor\codeigniter4\framework\system\CodeIgniter.php(419): CodeIgniter\CodeIgniter->runController(Object(App\Controllers\admin))
#7 C:\xampp\htdocs\bismillah_pa\vendor\codeigniter4\framework\system\CodeIgniter.php(326): CodeIgniter\CodeIgniter->handleRequest(NULL, Object(Config\Cache), false)
#8 C:\xampp\htdocs\bismillah_pa\public\index.php(37): CodeIgniter\CodeIgniter->run()
#9 C:\xampp\htdocs\bismillah_pa\vendor\codeigniter4\framework\system\Commands\Server\rewrite.php(43): require_once('C:\\xampp\\htdocs...')
#10 {main}
