CRITICAL - 2022-06-06 01:31:11 --> Undefined variable: getBarang
#0 C:\xampp\htdocs\bismillah_pa\app\Views\pages\mahasiswa_view.php(25): CodeIgniter\Debug\Exceptions->errorHandler(8, 'Undefined varia...', 'C:\\xampp\\htdocs...', 25, Array)
#1 C:\xampp\htdocs\bismillah_pa\vendor\codeigniter4\framework\system\View\View.php(210): include('C:\\xampp\\htdocs...')
#2 C:\xampp\htdocs\bismillah_pa\vendor\codeigniter4\framework\system\View\View.php(213): CodeIgniter\View\View->CodeIgniter\View\{closure}()
#3 C:\xampp\htdocs\bismillah_pa\vendor\codeigniter4\framework\system\Common.php(1089): CodeIgniter\View\View->render('pages/mahasiswa...', Array, true)
#4 C:\xampp\htdocs\bismillah_pa\app\Controllers\pages.php(34): view('pages/mahasiswa...')
#5 C:\xampp\htdocs\bismillah_pa\vendor\codeigniter4\framework\system\CodeIgniter.php(832): App\Controllers\Pages->mahasiswa_view()
#6 C:\xampp\htdocs\bismillah_pa\vendor\codeigniter4\framework\system\CodeIgniter.php(419): CodeIgniter\CodeIgniter->runController(Object(App\Controllers\Pages))
#7 C:\xampp\htdocs\bismillah_pa\vendor\codeigniter4\framework\system\CodeIgniter.php(326): CodeIgniter\CodeIgniter->handleRequest(NULL, Object(Config\Cache), false)
#8 C:\xampp\htdocs\bismillah_pa\public\index.php(37): CodeIgniter\CodeIgniter->run()
#9 C:\xampp\htdocs\bismillah_pa\vendor\codeigniter4\framework\system\Commands\Server\rewrite.php(43): require_once('C:\\xampp\\htdocs...')
#10 {main}
CRITICAL - 2022-06-06 01:32:16 --> Undefined variable: getInput
#0 C:\xampp\htdocs\bismillah_pa\app\Views\pages\mahasiswa_view.php(25): CodeIgniter\Debug\Exceptions->errorHandler(8, 'Undefined varia...', 'C:\\xampp\\htdocs...', 25, Array)
#1 C:\xampp\htdocs\bismillah_pa\vendor\codeigniter4\framework\system\View\View.php(210): include('C:\\xampp\\htdocs...')
#2 C:\xampp\htdocs\bismillah_pa\vendor\codeigniter4\framework\system\View\View.php(213): CodeIgniter\View\View->CodeIgniter\View\{closure}()
#3 C:\xampp\htdocs\bismillah_pa\vendor\codeigniter4\framework\system\Common.php(1089): CodeIgniter\View\View->render('pages/mahasiswa...', Array, true)
#4 C:\xampp\htdocs\bismillah_pa\app\Controllers\pages.php(34): view('pages/mahasiswa...')
#5 C:\xampp\htdocs\bismillah_pa\vendor\codeigniter4\framework\system\CodeIgniter.php(832): App\Controllers\Pages->mahasiswa_view()
#6 C:\xampp\htdocs\bismillah_pa\vendor\codeigniter4\framework\system\CodeIgniter.php(419): CodeIgniter\CodeIgniter->runController(Object(App\Controllers\Pages))
#7 C:\xampp\htdocs\bismillah_pa\vendor\codeigniter4\framework\system\CodeIgniter.php(326): CodeIgniter\CodeIgniter->handleRequest(NULL, Object(Config\Cache), false)
#8 C:\xampp\htdocs\bismillah_pa\public\index.php(37): CodeIgniter\CodeIgniter->run()
#9 C:\xampp\htdocs\bismillah_pa\vendor\codeigniter4\framework\system\Commands\Server\rewrite.php(43): require_once('C:\\xampp\\htdocs...')
#10 {main}
CRITICAL - 2022-06-06 01:37:43 --> Undefined variable: getInput
#0 C:\xampp\htdocs\bismillah_pa\app\Views\pages\mahasiswa_view.php(25): CodeIgniter\Debug\Exceptions->errorHandler(8, 'Undefined varia...', 'C:\\xampp\\htdocs...', 25, Array)
#1 C:\xampp\htdocs\bismillah_pa\vendor\codeigniter4\framework\system\View\View.php(210): include('C:\\xampp\\htdocs...')
#2 C:\xampp\htdocs\bismillah_pa\vendor\codeigniter4\framework\system\View\View.php(213): CodeIgniter\View\View->CodeIgniter\View\{closure}()
#3 C:\xampp\htdocs\bismillah_pa\vendor\codeigniter4\framework\system\Common.php(1089): CodeIgniter\View\View->render('pages/mahasiswa...', Array, true)
#4 C:\xampp\htdocs\bismillah_pa\app\Controllers\pages.php(34): view('pages/mahasiswa...')
#5 C:\xampp\htdocs\bismillah_pa\vendor\codeigniter4\framework\system\CodeIgniter.php(832): App\Controllers\Pages->mahasiswa_view()
#6 C:\xampp\htdocs\bismillah_pa\vendor\codeigniter4\framework\system\CodeIgniter.php(419): CodeIgniter\CodeIgniter->runController(Object(App\Controllers\Pages))
#7 C:\xampp\htdocs\bismillah_pa\vendor\codeigniter4\framework\system\CodeIgniter.php(326): CodeIgniter\CodeIgniter->handleRequest(NULL, Object(Config\Cache), false)
#8 C:\xampp\htdocs\bismillah_pa\public\index.php(37): CodeIgniter\CodeIgniter->run()
#9 C:\xampp\htdocs\bismillah_pa\vendor\codeigniter4\framework\system\Commands\Server\rewrite.php(43): require_once('C:\\xampp\\htdocs...')
#10 {main}
CRITICAL - 2022-06-06 01:39:49 --> Undefined variable: model
#0 C:\xampp\htdocs\bismillah_pa\app\Views\pages\mahasiswa_view.php(25): CodeIgniter\Debug\Exceptions->errorHandler(8, 'Undefined varia...', 'C:\\xampp\\htdocs...', 25, Array)
#1 C:\xampp\htdocs\bismillah_pa\vendor\codeigniter4\framework\system\View\View.php(210): include('C:\\xampp\\htdocs...')
#2 C:\xampp\htdocs\bismillah_pa\vendor\codeigniter4\framework\system\View\View.php(213): CodeIgniter\View\View->CodeIgniter\View\{closure}()
#3 C:\xampp\htdocs\bismillah_pa\vendor\codeigniter4\framework\system\Common.php(1089): CodeIgniter\View\View->render('pages/mahasiswa...', Array, true)
#4 C:\xampp\htdocs\bismillah_pa\app\Controllers\pages.php(34): view('pages/mahasiswa...')
#5 C:\xampp\htdocs\bismillah_pa\vendor\codeigniter4\framework\system\CodeIgniter.php(832): App\Controllers\Pages->mahasiswa_view()
#6 C:\xampp\htdocs\bismillah_pa\vendor\codeigniter4\framework\system\CodeIgniter.php(419): CodeIgniter\CodeIgniter->runController(Object(App\Controllers\Pages))
#7 C:\xampp\htdocs\bismillah_pa\vendor\codeigniter4\framework\system\CodeIgniter.php(326): CodeIgniter\CodeIgniter->handleRequest(NULL, Object(Config\Cache), false)
#8 C:\xampp\htdocs\bismillah_pa\public\index.php(37): CodeIgniter\CodeIgniter->run()
#9 C:\xampp\htdocs\bismillah_pa\vendor\codeigniter4\framework\system\Commands\Server\rewrite.php(43): require_once('C:\\xampp\\htdocs...')
#10 {main}
CRITICAL - 2022-06-06 01:43:26 --> Undefined variable: input
#0 C:\xampp\htdocs\bismillah_pa\app\Views\pages\mahasiswa_view.php(25): CodeIgniter\Debug\Exceptions->errorHandler(8, 'Undefined varia...', 'C:\\xampp\\htdocs...', 25, Array)
#1 C:\xampp\htdocs\bismillah_pa\vendor\codeigniter4\framework\system\View\View.php(210): include('C:\\xampp\\htdocs...')
#2 C:\xampp\htdocs\bismillah_pa\vendor\codeigniter4\framework\system\View\View.php(213): CodeIgniter\View\View->CodeIgniter\View\{closure}()
#3 C:\xampp\htdocs\bismillah_pa\vendor\codeigniter4\framework\system\Common.php(1089): CodeIgniter\View\View->render('pages/mahasiswa...', Array, true)
#4 C:\xampp\htdocs\bismillah_pa\app\Controllers\pages.php(34): view('pages/mahasiswa...')
#5 C:\xampp\htdocs\bismillah_pa\vendor\codeigniter4\framework\system\CodeIgniter.php(832): App\Controllers\Pages->mahasiswa_view()
#6 C:\xampp\htdocs\bismillah_pa\vendor\codeigniter4\framework\system\CodeIgniter.php(419): CodeIgniter\CodeIgniter->runController(Object(App\Controllers\Pages))
#7 C:\xampp\htdocs\bismillah_pa\vendor\codeigniter4\framework\system\CodeIgniter.php(326): CodeIgniter\CodeIgniter->handleRequest(NULL, Object(Config\Cache), false)
#8 C:\xampp\htdocs\bismillah_pa\public\index.php(37): CodeIgniter\CodeIgniter->run()
#9 C:\xampp\htdocs\bismillah_pa\vendor\codeigniter4\framework\system\Commands\Server\rewrite.php(43): require_once('C:\\xampp\\htdocs...')
#10 {main}
CRITICAL - 2022-06-06 01:45:12 --> Undefined variable: getInput
#0 C:\xampp\htdocs\bismillah_pa\app\Views\pages\mahasiswa_view.php(25): CodeIgniter\Debug\Exceptions->errorHandler(8, 'Undefined varia...', 'C:\\xampp\\htdocs...', 25, Array)
#1 C:\xampp\htdocs\bismillah_pa\vendor\codeigniter4\framework\system\View\View.php(210): include('C:\\xampp\\htdocs...')
#2 C:\xampp\htdocs\bismillah_pa\vendor\codeigniter4\framework\system\View\View.php(213): CodeIgniter\View\View->CodeIgniter\View\{closure}()
#3 C:\xampp\htdocs\bismillah_pa\vendor\codeigniter4\framework\system\Common.php(1089): CodeIgniter\View\View->render('pages/mahasiswa...', Array, true)
#4 C:\xampp\htdocs\bismillah_pa\app\Controllers\pages.php(34): view('pages/mahasiswa...')
#5 C:\xampp\htdocs\bismillah_pa\vendor\codeigniter4\framework\system\CodeIgniter.php(832): App\Controllers\Pages->mahasiswa_view()
#6 C:\xampp\htdocs\bismillah_pa\vendor\codeigniter4\framework\system\CodeIgniter.php(419): CodeIgniter\CodeIgniter->runController(Object(App\Controllers\Pages))
#7 C:\xampp\htdocs\bismillah_pa\vendor\codeigniter4\framework\system\CodeIgniter.php(326): CodeIgniter\CodeIgniter->handleRequest(NULL, Object(Config\Cache), false)
#8 C:\xampp\htdocs\bismillah_pa\public\index.php(37): CodeIgniter\CodeIgniter->run()
#9 C:\xampp\htdocs\bismillah_pa\vendor\codeigniter4\framework\system\Commands\Server\rewrite.php(43): require_once('C:\\xampp\\htdocs...')
#10 {main}
CRITICAL - 2022-06-06 01:45:46 --> Undefined variable: getinputModel
#0 C:\xampp\htdocs\bismillah_pa\app\Views\pages\mahasiswa_view.php(25): CodeIgniter\Debug\Exceptions->errorHandler(8, 'Undefined varia...', 'C:\\xampp\\htdocs...', 25, Array)
#1 C:\xampp\htdocs\bismillah_pa\vendor\codeigniter4\framework\system\View\View.php(210): include('C:\\xampp\\htdocs...')
#2 C:\xampp\htdocs\bismillah_pa\vendor\codeigniter4\framework\system\View\View.php(213): CodeIgniter\View\View->CodeIgniter\View\{closure}()
#3 C:\xampp\htdocs\bismillah_pa\vendor\codeigniter4\framework\system\Common.php(1089): CodeIgniter\View\View->render('pages/mahasiswa...', Array, true)
#4 C:\xampp\htdocs\bismillah_pa\app\Controllers\pages.php(34): view('pages/mahasiswa...')
#5 C:\xampp\htdocs\bismillah_pa\vendor\codeigniter4\framework\system\CodeIgniter.php(832): App\Controllers\Pages->mahasiswa_view()
#6 C:\xampp\htdocs\bismillah_pa\vendor\codeigniter4\framework\system\CodeIgniter.php(419): CodeIgniter\CodeIgniter->runController(Object(App\Controllers\Pages))
#7 C:\xampp\htdocs\bismillah_pa\vendor\codeigniter4\framework\system\CodeIgniter.php(326): CodeIgniter\CodeIgniter->handleRequest(NULL, Object(Config\Cache), false)
#8 C:\xampp\htdocs\bismillah_pa\public\index.php(37): CodeIgniter\CodeIgniter->run()
#9 C:\xampp\htdocs\bismillah_pa\vendor\codeigniter4\framework\system\Commands\Server\rewrite.php(43): require_once('C:\\xampp\\htdocs...')
#10 {main}
CRITICAL - 2022-06-06 01:48:37 --> Undefined variable: getInput
#0 C:\xampp\htdocs\bismillah_pa\app\Views\pages\mahasiswa_view.php(25): CodeIgniter\Debug\Exceptions->errorHandler(8, 'Undefined varia...', 'C:\\xampp\\htdocs...', 25, Array)
#1 C:\xampp\htdocs\bismillah_pa\vendor\codeigniter4\framework\system\View\View.php(210): include('C:\\xampp\\htdocs...')
#2 C:\xampp\htdocs\bismillah_pa\vendor\codeigniter4\framework\system\View\View.php(213): CodeIgniter\View\View->CodeIgniter\View\{closure}()
#3 C:\xampp\htdocs\bismillah_pa\vendor\codeigniter4\framework\system\Common.php(1089): CodeIgniter\View\View->render('pages/mahasiswa...', Array, true)
#4 C:\xampp\htdocs\bismillah_pa\app\Controllers\pages.php(34): view('pages/mahasiswa...')
#5 C:\xampp\htdocs\bismillah_pa\vendor\codeigniter4\framework\system\CodeIgniter.php(832): App\Controllers\Pages->mahasiswa_view()
#6 C:\xampp\htdocs\bismillah_pa\vendor\codeigniter4\framework\system\CodeIgniter.php(419): CodeIgniter\CodeIgniter->runController(Object(App\Controllers\Pages))
#7 C:\xampp\htdocs\bismillah_pa\vendor\codeigniter4\framework\system\CodeIgniter.php(326): CodeIgniter\CodeIgniter->handleRequest(NULL, Object(Config\Cache), false)
#8 C:\xampp\htdocs\bismillah_pa\public\index.php(37): CodeIgniter\CodeIgniter->run()
#9 C:\xampp\htdocs\bismillah_pa\vendor\codeigniter4\framework\system\Commands\Server\rewrite.php(43): require_once('C:\\xampp\\htdocs...')
#10 {main}
CRITICAL - 2022-06-06 01:49:57 --> Undefined variable: getInputan
#0 C:\xampp\htdocs\bismillah_pa\app\Views\pages\mahasiswa_view.php(25): CodeIgniter\Debug\Exceptions->errorHandler(8, 'Undefined varia...', 'C:\\xampp\\htdocs...', 25, Array)
#1 C:\xampp\htdocs\bismillah_pa\vendor\codeigniter4\framework\system\View\View.php(210): include('C:\\xampp\\htdocs...')
#2 C:\xampp\htdocs\bismillah_pa\vendor\codeigniter4\framework\system\View\View.php(213): CodeIgniter\View\View->CodeIgniter\View\{closure}()
#3 C:\xampp\htdocs\bismillah_pa\vendor\codeigniter4\framework\system\Common.php(1089): CodeIgniter\View\View->render('pages/mahasiswa...', Array, true)
#4 C:\xampp\htdocs\bismillah_pa\app\Controllers\pages.php(34): view('pages/mahasiswa...')
#5 C:\xampp\htdocs\bismillah_pa\vendor\codeigniter4\framework\system\CodeIgniter.php(832): App\Controllers\Pages->mahasiswa_view()
#6 C:\xampp\htdocs\bismillah_pa\vendor\codeigniter4\framework\system\CodeIgniter.php(419): CodeIgniter\CodeIgniter->runController(Object(App\Controllers\Pages))
#7 C:\xampp\htdocs\bismillah_pa\vendor\codeigniter4\framework\system\CodeIgniter.php(326): CodeIgniter\CodeIgniter->handleRequest(NULL, Object(Config\Cache), false)
#8 C:\xampp\htdocs\bismillah_pa\public\index.php(37): CodeIgniter\CodeIgniter->run()
#9 C:\xampp\htdocs\bismillah_pa\vendor\codeigniter4\framework\system\Commands\Server\rewrite.php(43): require_once('C:\\xampp\\htdocs...')
#10 {main}
CRITICAL - 2022-06-06 01:52:39 --> Undefined variable: getInputan
#0 C:\xampp\htdocs\bismillah_pa\app\Views\pages\mahasiswa_view.php(25): CodeIgniter\Debug\Exceptions->errorHandler(8, 'Undefined varia...', 'C:\\xampp\\htdocs...', 25, Array)
#1 C:\xampp\htdocs\bismillah_pa\vendor\codeigniter4\framework\system\View\View.php(210): include('C:\\xampp\\htdocs...')
#2 C:\xampp\htdocs\bismillah_pa\vendor\codeigniter4\framework\system\View\View.php(213): CodeIgniter\View\View->CodeIgniter\View\{closure}()
#3 C:\xampp\htdocs\bismillah_pa\vendor\codeigniter4\framework\system\Common.php(1089): CodeIgniter\View\View->render('pages/mahasiswa...', Array, true)
#4 C:\xampp\htdocs\bismillah_pa\app\Controllers\pages.php(34): view('pages/mahasiswa...')
#5 C:\xampp\htdocs\bismillah_pa\vendor\codeigniter4\framework\system\CodeIgniter.php(832): App\Controllers\Pages->mahasiswa_view()
#6 C:\xampp\htdocs\bismillah_pa\vendor\codeigniter4\framework\system\CodeIgniter.php(419): CodeIgniter\CodeIgniter->runController(Object(App\Controllers\Pages))
#7 C:\xampp\htdocs\bismillah_pa\vendor\codeigniter4\framework\system\CodeIgniter.php(326): CodeIgniter\CodeIgniter->handleRequest(NULL, Object(Config\Cache), false)
#8 C:\xampp\htdocs\bismillah_pa\public\index.php(37): CodeIgniter\CodeIgniter->run()
#9 C:\xampp\htdocs\bismillah_pa\vendor\codeigniter4\framework\system\Commands\Server\rewrite.php(43): require_once('C:\\xampp\\htdocs...')
#10 {main}
CRITICAL - 2022-06-06 02:02:06 --> Undefined variable: getInput
#0 C:\xampp\htdocs\bismillah_pa\app\Views\pages\mahasiswa_view.php(25): CodeIgniter\Debug\Exceptions->errorHandler(8, 'Undefined varia...', 'C:\\xampp\\htdocs...', 25, Array)
#1 C:\xampp\htdocs\bismillah_pa\vendor\codeigniter4\framework\system\View\View.php(210): include('C:\\xampp\\htdocs...')
#2 C:\xampp\htdocs\bismillah_pa\vendor\codeigniter4\framework\system\View\View.php(213): CodeIgniter\View\View->CodeIgniter\View\{closure}()
#3 C:\xampp\htdocs\bismillah_pa\vendor\codeigniter4\framework\system\Common.php(1089): CodeIgniter\View\View->render('pages/mahasiswa...', Array, true)
#4 C:\xampp\htdocs\bismillah_pa\app\Controllers\pages.php(34): view('pages/mahasiswa...')
#5 C:\xampp\htdocs\bismillah_pa\vendor\codeigniter4\framework\system\CodeIgniter.php(832): App\Controllers\Pages->mahasiswa_view()
#6 C:\xampp\htdocs\bismillah_pa\vendor\codeigniter4\framework\system\CodeIgniter.php(419): CodeIgniter\CodeIgniter->runController(Object(App\Controllers\Pages))
#7 C:\xampp\htdocs\bismillah_pa\vendor\codeigniter4\framework\system\CodeIgniter.php(326): CodeIgniter\CodeIgniter->handleRequest(NULL, Object(Config\Cache), false)
#8 C:\xampp\htdocs\bismillah_pa\public\index.php(37): CodeIgniter\CodeIgniter->run()
#9 C:\xampp\htdocs\bismillah_pa\vendor\codeigniter4\framework\system\Commands\Server\rewrite.php(43): require_once('C:\\xampp\\htdocs...')
#10 {main}
CRITICAL - 2022-06-06 02:04:03 --> Undefined variable: getInput
#0 C:\xampp\htdocs\bismillah_pa\app\Views\pages\mahasiswa_view.php(25): CodeIgniter\Debug\Exceptions->errorHandler(8, 'Undefined varia...', 'C:\\xampp\\htdocs...', 25, Array)
#1 C:\xampp\htdocs\bismillah_pa\vendor\codeigniter4\framework\system\View\View.php(210): include('C:\\xampp\\htdocs...')
#2 C:\xampp\htdocs\bismillah_pa\vendor\codeigniter4\framework\system\View\View.php(213): CodeIgniter\View\View->CodeIgniter\View\{closure}()
#3 C:\xampp\htdocs\bismillah_pa\vendor\codeigniter4\framework\system\Common.php(1089): CodeIgniter\View\View->render('pages/mahasiswa...', Array, true)
#4 C:\xampp\htdocs\bismillah_pa\app\Controllers\pages.php(34): view('pages/mahasiswa...')
#5 C:\xampp\htdocs\bismillah_pa\vendor\codeigniter4\framework\system\CodeIgniter.php(832): App\Controllers\Pages->mahasiswa_view()
#6 C:\xampp\htdocs\bismillah_pa\vendor\codeigniter4\framework\system\CodeIgniter.php(419): CodeIgniter\CodeIgniter->runController(Object(App\Controllers\Pages))
#7 C:\xampp\htdocs\bismillah_pa\vendor\codeigniter4\framework\system\CodeIgniter.php(326): CodeIgniter\CodeIgniter->handleRequest(NULL, Object(Config\Cache), false)
#8 C:\xampp\htdocs\bismillah_pa\public\index.php(37): CodeIgniter\CodeIgniter->run()
#9 C:\xampp\htdocs\bismillah_pa\vendor\codeigniter4\framework\system\Commands\Server\rewrite.php(43): require_once('C:\\xampp\\htdocs...')
#10 {main}
CRITICAL - 2022-06-06 02:05:02 --> Undefined variable: getInput
#0 C:\xampp\htdocs\bismillah_pa\app\Views\pages\mahasiswa_view.php(25): CodeIgniter\Debug\Exceptions->errorHandler(8, 'Undefined varia...', 'C:\\xampp\\htdocs...', 25, Array)
#1 C:\xampp\htdocs\bismillah_pa\vendor\codeigniter4\framework\system\View\View.php(210): include('C:\\xampp\\htdocs...')
#2 C:\xampp\htdocs\bismillah_pa\vendor\codeigniter4\framework\system\View\View.php(213): CodeIgniter\View\View->CodeIgniter\View\{closure}()
#3 C:\xampp\htdocs\bismillah_pa\vendor\codeigniter4\framework\system\Common.php(1089): CodeIgniter\View\View->render('pages/mahasiswa...', Array, true)
#4 C:\xampp\htdocs\bismillah_pa\app\Controllers\pages.php(34): view('pages/mahasiswa...')
#5 C:\xampp\htdocs\bismillah_pa\vendor\codeigniter4\framework\system\CodeIgniter.php(832): App\Controllers\Pages->mahasiswa_view()
#6 C:\xampp\htdocs\bismillah_pa\vendor\codeigniter4\framework\system\CodeIgniter.php(419): CodeIgniter\CodeIgniter->runController(Object(App\Controllers\Pages))
#7 C:\xampp\htdocs\bismillah_pa\vendor\codeigniter4\framework\system\CodeIgniter.php(326): CodeIgniter\CodeIgniter->handleRequest(NULL, Object(Config\Cache), false)
#8 C:\xampp\htdocs\bismillah_pa\public\index.php(37): CodeIgniter\CodeIgniter->run()
#9 C:\xampp\htdocs\bismillah_pa\vendor\codeigniter4\framework\system\Commands\Server\rewrite.php(43): require_once('C:\\xampp\\htdocs...')
#10 {main}
CRITICAL - 2022-06-06 02:08:49 --> Undefined property: App\Controllers\Pages::$inputModel
#0 C:\xampp\htdocs\bismillah_pa\app\Controllers\pages.php(35): CodeIgniter\Debug\Exceptions->errorHandler(8, 'Undefined prope...', 'C:\\xampp\\htdocs...', 35, Array)
#1 C:\xampp\htdocs\bismillah_pa\vendor\codeigniter4\framework\system\CodeIgniter.php(832): App\Controllers\Pages->mahasiswa_view()
#2 C:\xampp\htdocs\bismillah_pa\vendor\codeigniter4\framework\system\CodeIgniter.php(419): CodeIgniter\CodeIgniter->runController(Object(App\Controllers\Pages))
#3 C:\xampp\htdocs\bismillah_pa\vendor\codeigniter4\framework\system\CodeIgniter.php(326): CodeIgniter\CodeIgniter->handleRequest(NULL, Object(Config\Cache), false)
#4 C:\xampp\htdocs\bismillah_pa\public\index.php(37): CodeIgniter\CodeIgniter->run()
#5 C:\xampp\htdocs\bismillah_pa\vendor\codeigniter4\framework\system\Commands\Server\rewrite.php(43): require_once('C:\\xampp\\htdocs...')
#6 {main}
CRITICAL - 2022-06-06 02:09:52 --> Call to undefined method App\Models\inputModel::getInput
#0 C:\xampp\htdocs\bismillah_pa\app\Controllers\pages.php(43): CodeIgniter\Model->__call('getInput', Array)
#1 C:\xampp\htdocs\bismillah_pa\vendor\codeigniter4\framework\system\CodeIgniter.php(832): App\Controllers\Pages->mahasiswa_view()
#2 C:\xampp\htdocs\bismillah_pa\vendor\codeigniter4\framework\system\CodeIgniter.php(419): CodeIgniter\CodeIgniter->runController(Object(App\Controllers\Pages))
#3 C:\xampp\htdocs\bismillah_pa\vendor\codeigniter4\framework\system\CodeIgniter.php(326): CodeIgniter\CodeIgniter->handleRequest(NULL, Object(Config\Cache), false)
#4 C:\xampp\htdocs\bismillah_pa\public\index.php(37): CodeIgniter\CodeIgniter->run()
#5 C:\xampp\htdocs\bismillah_pa\vendor\codeigniter4\framework\system\Commands\Server\rewrite.php(43): require_once('C:\\xampp\\htdocs...')
#6 {main}
CRITICAL - 2022-06-06 02:10:13 --> Call to a member function getResult() on array
#0 C:\xampp\htdocs\bismillah_pa\vendor\codeigniter4\framework\system\View\View.php(210): include()
#1 C:\xampp\htdocs\bismillah_pa\vendor\codeigniter4\framework\system\View\View.php(213): CodeIgniter\View\View->CodeIgniter\View\{closure}()
#2 C:\xampp\htdocs\bismillah_pa\vendor\codeigniter4\framework\system\Common.php(1089): CodeIgniter\View\View->render('pages/mahasiswa...', Array, true)
#3 C:\xampp\htdocs\bismillah_pa\app\Controllers\pages.php(47): view('pages/mahasiswa...', Array)
#4 C:\xampp\htdocs\bismillah_pa\vendor\codeigniter4\framework\system\CodeIgniter.php(832): App\Controllers\Pages->mahasiswa_view()
#5 C:\xampp\htdocs\bismillah_pa\vendor\codeigniter4\framework\system\CodeIgniter.php(419): CodeIgniter\CodeIgniter->runController(Object(App\Controllers\Pages))
#6 C:\xampp\htdocs\bismillah_pa\vendor\codeigniter4\framework\system\CodeIgniter.php(326): CodeIgniter\CodeIgniter->handleRequest(NULL, Object(Config\Cache), false)
#7 C:\xampp\htdocs\bismillah_pa\public\index.php(37): CodeIgniter\CodeIgniter->run()
#8 C:\xampp\htdocs\bismillah_pa\vendor\codeigniter4\framework\system\Commands\Server\rewrite.php(43): require_once('C:\\xampp\\htdocs...')
#9 {main}
CRITICAL - 2022-06-06 02:12:13 --> Call to a member function getResultArray() on array
#0 C:\xampp\htdocs\bismillah_pa\vendor\codeigniter4\framework\system\View\View.php(210): include()
#1 C:\xampp\htdocs\bismillah_pa\vendor\codeigniter4\framework\system\View\View.php(213): CodeIgniter\View\View->CodeIgniter\View\{closure}()
#2 C:\xampp\htdocs\bismillah_pa\vendor\codeigniter4\framework\system\Common.php(1089): CodeIgniter\View\View->render('pages/mahasiswa...', Array, true)
#3 C:\xampp\htdocs\bismillah_pa\app\Controllers\pages.php(47): view('pages/mahasiswa...', Array)
#4 C:\xampp\htdocs\bismillah_pa\vendor\codeigniter4\framework\system\CodeIgniter.php(832): App\Controllers\Pages->mahasiswa_view()
#5 C:\xampp\htdocs\bismillah_pa\vendor\codeigniter4\framework\system\CodeIgniter.php(419): CodeIgniter\CodeIgniter->runController(Object(App\Controllers\Pages))
#6 C:\xampp\htdocs\bismillah_pa\vendor\codeigniter4\framework\system\CodeIgniter.php(326): CodeIgniter\CodeIgniter->handleRequest(NULL, Object(Config\Cache), false)
#7 C:\xampp\htdocs\bismillah_pa\public\index.php(37): CodeIgniter\CodeIgniter->run()
#8 C:\xampp\htdocs\bismillah_pa\vendor\codeigniter4\framework\system\Commands\Server\rewrite.php(43): require_once('C:\\xampp\\htdocs...')
#9 {main}
CRITICAL - 2022-06-06 02:15:53 --> Call to a member function getResultArray() on array
#0 C:\xampp\htdocs\bismillah_pa\vendor\codeigniter4\framework\system\View\View.php(210): include()
#1 C:\xampp\htdocs\bismillah_pa\vendor\codeigniter4\framework\system\View\View.php(213): CodeIgniter\View\View->CodeIgniter\View\{closure}()
#2 C:\xampp\htdocs\bismillah_pa\vendor\codeigniter4\framework\system\Common.php(1089): CodeIgniter\View\View->render('pages/mahasiswa...', Array, true)
#3 C:\xampp\htdocs\bismillah_pa\app\Controllers\pages.php(47): view('pages/mahasiswa...', Array)
#4 C:\xampp\htdocs\bismillah_pa\vendor\codeigniter4\framework\system\CodeIgniter.php(832): App\Controllers\Pages->mahasiswa_view()
#5 C:\xampp\htdocs\bismillah_pa\vendor\codeigniter4\framework\system\CodeIgniter.php(419): CodeIgniter\CodeIgniter->runController(Object(App\Controllers\Pages))
#6 C:\xampp\htdocs\bismillah_pa\vendor\codeigniter4\framework\system\CodeIgniter.php(326): CodeIgniter\CodeIgniter->handleRequest(NULL, Object(Config\Cache), false)
#7 C:\xampp\htdocs\bismillah_pa\public\index.php(37): CodeIgniter\CodeIgniter->run()
#8 C:\xampp\htdocs\bismillah_pa\vendor\codeigniter4\framework\system\Commands\Server\rewrite.php(43): require_once('C:\\xampp\\htdocs...')
#9 {main}
CRITICAL - 2022-06-06 02:16:09 --> Call to a member function getResult() on array
#0 C:\xampp\htdocs\bismillah_pa\vendor\codeigniter4\framework\system\View\View.php(210): include()
#1 C:\xampp\htdocs\bismillah_pa\vendor\codeigniter4\framework\system\View\View.php(213): CodeIgniter\View\View->CodeIgniter\View\{closure}()
#2 C:\xampp\htdocs\bismillah_pa\vendor\codeigniter4\framework\system\Common.php(1089): CodeIgniter\View\View->render('pages/mahasiswa...', Array, true)
#3 C:\xampp\htdocs\bismillah_pa\app\Controllers\pages.php(47): view('pages/mahasiswa...', Array)
#4 C:\xampp\htdocs\bismillah_pa\vendor\codeigniter4\framework\system\CodeIgniter.php(832): App\Controllers\Pages->mahasiswa_view()
#5 C:\xampp\htdocs\bismillah_pa\vendor\codeigniter4\framework\system\CodeIgniter.php(419): CodeIgniter\CodeIgniter->runController(Object(App\Controllers\Pages))
#6 C:\xampp\htdocs\bismillah_pa\vendor\codeigniter4\framework\system\CodeIgniter.php(326): CodeIgniter\CodeIgniter->handleRequest(NULL, Object(Config\Cache), false)
#7 C:\xampp\htdocs\bismillah_pa\public\index.php(37): CodeIgniter\CodeIgniter->run()
#8 C:\xampp\htdocs\bismillah_pa\vendor\codeigniter4\framework\system\Commands\Server\rewrite.php(43): require_once('C:\\xampp\\htdocs...')
#9 {main}
CRITICAL - 2022-06-06 02:19:16 --> Call to a member function getResult() on array
#0 C:\xampp\htdocs\bismillah_pa\vendor\codeigniter4\framework\system\View\View.php(210): include()
#1 C:\xampp\htdocs\bismillah_pa\vendor\codeigniter4\framework\system\View\View.php(213): CodeIgniter\View\View->CodeIgniter\View\{closure}()
#2 C:\xampp\htdocs\bismillah_pa\vendor\codeigniter4\framework\system\Common.php(1089): CodeIgniter\View\View->render('pages/mahasiswa...', Array, true)
#3 C:\xampp\htdocs\bismillah_pa\app\Controllers\pages.php(47): view('pages/mahasiswa...', Array)
#4 C:\xampp\htdocs\bismillah_pa\vendor\codeigniter4\framework\system\CodeIgniter.php(832): App\Controllers\Pages->mahasiswa_view()
#5 C:\xampp\htdocs\bismillah_pa\vendor\codeigniter4\framework\system\CodeIgniter.php(419): CodeIgniter\CodeIgniter->runController(Object(App\Controllers\Pages))
#6 C:\xampp\htdocs\bismillah_pa\vendor\codeigniter4\framework\system\CodeIgniter.php(326): CodeIgniter\CodeIgniter->handleRequest(NULL, Object(Config\Cache), false)
#7 C:\xampp\htdocs\bismillah_pa\public\index.php(37): CodeIgniter\CodeIgniter->run()
#8 C:\xampp\htdocs\bismillah_pa\vendor\codeigniter4\framework\system\Commands\Server\rewrite.php(43): require_once('C:\\xampp\\htdocs...')
#9 {main}
CRITICAL - 2022-06-06 02:19:32 --> syntax error, unexpected '?>'
#0 C:\xampp\htdocs\bismillah_pa\vendor\codeigniter4\framework\system\View\View.php(213): CodeIgniter\View\View->CodeIgniter\View\{closure}()
#1 C:\xampp\htdocs\bismillah_pa\vendor\codeigniter4\framework\system\Common.php(1089): CodeIgniter\View\View->render('pages/mahasiswa...', Array, true)
#2 C:\xampp\htdocs\bismillah_pa\app\Controllers\pages.php(47): view('pages/mahasiswa...', Array)
#3 C:\xampp\htdocs\bismillah_pa\vendor\codeigniter4\framework\system\CodeIgniter.php(832): App\Controllers\Pages->mahasiswa_view()
#4 C:\xampp\htdocs\bismillah_pa\vendor\codeigniter4\framework\system\CodeIgniter.php(419): CodeIgniter\CodeIgniter->runController(Object(App\Controllers\Pages))
#5 C:\xampp\htdocs\bismillah_pa\vendor\codeigniter4\framework\system\CodeIgniter.php(326): CodeIgniter\CodeIgniter->handleRequest(NULL, Object(Config\Cache), false)
#6 C:\xampp\htdocs\bismillah_pa\public\index.php(37): CodeIgniter\CodeIgniter->run()
#7 C:\xampp\htdocs\bismillah_pa\vendor\codeigniter4\framework\system\Commands\Server\rewrite.php(43): require_once('C:\\xampp\\htdocs...')
#8 {main}
CRITICAL - 2022-06-06 02:19:46 --> Call to a member function getResult() on array
#0 C:\xampp\htdocs\bismillah_pa\vendor\codeigniter4\framework\system\View\View.php(210): include()
#1 C:\xampp\htdocs\bismillah_pa\vendor\codeigniter4\framework\system\View\View.php(213): CodeIgniter\View\View->CodeIgniter\View\{closure}()
#2 C:\xampp\htdocs\bismillah_pa\vendor\codeigniter4\framework\system\Common.php(1089): CodeIgniter\View\View->render('pages/mahasiswa...', Array, true)
#3 C:\xampp\htdocs\bismillah_pa\app\Controllers\pages.php(47): view('pages/mahasiswa...', Array)
#4 C:\xampp\htdocs\bismillah_pa\vendor\codeigniter4\framework\system\CodeIgniter.php(832): App\Controllers\Pages->mahasiswa_view()
#5 C:\xampp\htdocs\bismillah_pa\vendor\codeigniter4\framework\system\CodeIgniter.php(419): CodeIgniter\CodeIgniter->runController(Object(App\Controllers\Pages))
#6 C:\xampp\htdocs\bismillah_pa\vendor\codeigniter4\framework\system\CodeIgniter.php(326): CodeIgniter\CodeIgniter->handleRequest(NULL, Object(Config\Cache), false)
#7 C:\xampp\htdocs\bismillah_pa\public\index.php(37): CodeIgniter\CodeIgniter->run()
#8 C:\xampp\htdocs\bismillah_pa\vendor\codeigniter4\framework\system\Commands\Server\rewrite.php(43): require_once('C:\\xampp\\htdocs...')
#9 {main}
CRITICAL - 2022-06-06 02:19:48 --> Call to a member function getResult() on array
#0 C:\xampp\htdocs\bismillah_pa\vendor\codeigniter4\framework\system\View\View.php(210): include()
#1 C:\xampp\htdocs\bismillah_pa\vendor\codeigniter4\framework\system\View\View.php(213): CodeIgniter\View\View->CodeIgniter\View\{closure}()
#2 C:\xampp\htdocs\bismillah_pa\vendor\codeigniter4\framework\system\Common.php(1089): CodeIgniter\View\View->render('pages/mahasiswa...', Array, true)
#3 C:\xampp\htdocs\bismillah_pa\app\Controllers\pages.php(47): view('pages/mahasiswa...', Array)
#4 C:\xampp\htdocs\bismillah_pa\vendor\codeigniter4\framework\system\CodeIgniter.php(832): App\Controllers\Pages->mahasiswa_view()
#5 C:\xampp\htdocs\bismillah_pa\vendor\codeigniter4\framework\system\CodeIgniter.php(419): CodeIgniter\CodeIgniter->runController(Object(App\Controllers\Pages))
#6 C:\xampp\htdocs\bismillah_pa\vendor\codeigniter4\framework\system\CodeIgniter.php(326): CodeIgniter\CodeIgniter->handleRequest(NULL, Object(Config\Cache), false)
#7 C:\xampp\htdocs\bismillah_pa\public\index.php(37): CodeIgniter\CodeIgniter->run()
#8 C:\xampp\htdocs\bismillah_pa\vendor\codeigniter4\framework\system\Commands\Server\rewrite.php(43): require_once('C:\\xampp\\htdocs...')
#9 {main}
CRITICAL - 2022-06-06 02:21:34 --> Call to a member function getResult() on array
#0 C:\xampp\htdocs\bismillah_pa\vendor\codeigniter4\framework\system\View\View.php(210): include()
#1 C:\xampp\htdocs\bismillah_pa\vendor\codeigniter4\framework\system\View\View.php(213): CodeIgniter\View\View->CodeIgniter\View\{closure}()
#2 C:\xampp\htdocs\bismillah_pa\vendor\codeigniter4\framework\system\Common.php(1089): CodeIgniter\View\View->render('pages/mahasiswa...', Array, true)
#3 C:\xampp\htdocs\bismillah_pa\app\Controllers\pages.php(47): view('pages/mahasiswa...', Array)
#4 C:\xampp\htdocs\bismillah_pa\vendor\codeigniter4\framework\system\CodeIgniter.php(832): App\Controllers\Pages->mahasiswa_view()
#5 C:\xampp\htdocs\bismillah_pa\vendor\codeigniter4\framework\system\CodeIgniter.php(419): CodeIgniter\CodeIgniter->runController(Object(App\Controllers\Pages))
#6 C:\xampp\htdocs\bismillah_pa\vendor\codeigniter4\framework\system\CodeIgniter.php(326): CodeIgniter\CodeIgniter->handleRequest(NULL, Object(Config\Cache), false)
#7 C:\xampp\htdocs\bismillah_pa\public\index.php(37): CodeIgniter\CodeIgniter->run()
#8 C:\xampp\htdocs\bismillah_pa\vendor\codeigniter4\framework\system\Commands\Server\rewrite.php(43): require_once('C:\\xampp\\htdocs...')
#9 {main}
CRITICAL - 2022-06-06 02:22:03 --> Undefined variable: id
#0 C:\xampp\htdocs\bismillah_pa\app\Views\pages\mahasiswa_view.php(27): CodeIgniter\Debug\Exceptions->errorHandler(8, 'Undefined varia...', 'C:\\xampp\\htdocs...', 27, Array)
#1 C:\xampp\htdocs\bismillah_pa\vendor\codeigniter4\framework\system\View\View.php(210): include('C:\\xampp\\htdocs...')
#2 C:\xampp\htdocs\bismillah_pa\vendor\codeigniter4\framework\system\View\View.php(213): CodeIgniter\View\View->CodeIgniter\View\{closure}()
#3 C:\xampp\htdocs\bismillah_pa\vendor\codeigniter4\framework\system\Common.php(1089): CodeIgniter\View\View->render('pages/mahasiswa...', Array, true)
#4 C:\xampp\htdocs\bismillah_pa\app\Controllers\pages.php(47): view('pages/mahasiswa...', Array)
#5 C:\xampp\htdocs\bismillah_pa\vendor\codeigniter4\framework\system\CodeIgniter.php(832): App\Controllers\Pages->mahasiswa_view()
#6 C:\xampp\htdocs\bismillah_pa\vendor\codeigniter4\framework\system\CodeIgniter.php(419): CodeIgniter\CodeIgniter->runController(Object(App\Controllers\Pages))
#7 C:\xampp\htdocs\bismillah_pa\vendor\codeigniter4\framework\system\CodeIgniter.php(326): CodeIgniter\CodeIgniter->handleRequest(NULL, Object(Config\Cache), false)
#8 C:\xampp\htdocs\bismillah_pa\public\index.php(37): CodeIgniter\CodeIgniter->run()
#9 C:\xampp\htdocs\bismillah_pa\vendor\codeigniter4\framework\system\Commands\Server\rewrite.php(43): require_once('C:\\xampp\\htdocs...')
#10 {main}
CRITICAL - 2022-06-06 02:22:16 --> Undefined variable: nim
#0 C:\xampp\htdocs\bismillah_pa\app\Views\pages\mahasiswa_view.php(27): CodeIgniter\Debug\Exceptions->errorHandler(8, 'Undefined varia...', 'C:\\xampp\\htdocs...', 27, Array)
#1 C:\xampp\htdocs\bismillah_pa\vendor\codeigniter4\framework\system\View\View.php(210): include('C:\\xampp\\htdocs...')
#2 C:\xampp\htdocs\bismillah_pa\vendor\codeigniter4\framework\system\View\View.php(213): CodeIgniter\View\View->CodeIgniter\View\{closure}()
#3 C:\xampp\htdocs\bismillah_pa\vendor\codeigniter4\framework\system\Common.php(1089): CodeIgniter\View\View->render('pages/mahasiswa...', Array, true)
#4 C:\xampp\htdocs\bismillah_pa\app\Controllers\pages.php(47): view('pages/mahasiswa...', Array)
#5 C:\xampp\htdocs\bismillah_pa\vendor\codeigniter4\framework\system\CodeIgniter.php(832): App\Controllers\Pages->mahasiswa_view()
#6 C:\xampp\htdocs\bismillah_pa\vendor\codeigniter4\framework\system\CodeIgniter.php(419): CodeIgniter\CodeIgniter->runController(Object(App\Controllers\Pages))
#7 C:\xampp\htdocs\bismillah_pa\vendor\codeigniter4\framework\system\CodeIgniter.php(326): CodeIgniter\CodeIgniter->handleRequest(NULL, Object(Config\Cache), false)
#8 C:\xampp\htdocs\bismillah_pa\public\index.php(37): CodeIgniter\CodeIgniter->run()
#9 C:\xampp\htdocs\bismillah_pa\vendor\codeigniter4\framework\system\Commands\Server\rewrite.php(43): require_once('C:\\xampp\\htdocs...')
#10 {main}
CRITICAL - 2022-06-06 02:22:53 --> Undefined variable: nim
#0 C:\xampp\htdocs\bismillah_pa\app\Views\pages\mahasiswa_view.php(27): CodeIgniter\Debug\Exceptions->errorHandler(8, 'Undefined varia...', 'C:\\xampp\\htdocs...', 27, Array)
#1 C:\xampp\htdocs\bismillah_pa\vendor\codeigniter4\framework\system\View\View.php(210): include('C:\\xampp\\htdocs...')
#2 C:\xampp\htdocs\bismillah_pa\vendor\codeigniter4\framework\system\View\View.php(213): CodeIgniter\View\View->CodeIgniter\View\{closure}()
#3 C:\xampp\htdocs\bismillah_pa\vendor\codeigniter4\framework\system\Common.php(1089): CodeIgniter\View\View->render('pages/mahasiswa...', Array, true)
#4 C:\xampp\htdocs\bismillah_pa\app\Controllers\pages.php(47): view('pages/mahasiswa...', Array)
#5 C:\xampp\htdocs\bismillah_pa\vendor\codeigniter4\framework\system\CodeIgniter.php(832): App\Controllers\Pages->mahasiswa_view()
#6 C:\xampp\htdocs\bismillah_pa\vendor\codeigniter4\framework\system\CodeIgniter.php(419): CodeIgniter\CodeIgniter->runController(Object(App\Controllers\Pages))
#7 C:\xampp\htdocs\bismillah_pa\vendor\codeigniter4\framework\system\CodeIgniter.php(326): CodeIgniter\CodeIgniter->handleRequest(NULL, Object(Config\Cache), false)
#8 C:\xampp\htdocs\bismillah_pa\public\index.php(37): CodeIgniter\CodeIgniter->run()
#9 C:\xampp\htdocs\bismillah_pa\vendor\codeigniter4\framework\system\Commands\Server\rewrite.php(43): require_once('C:\\xampp\\htdocs...')
#10 {main}
CRITICAL - 2022-06-06 02:23:06 --> Undefined variable: nama
#0 C:\xampp\htdocs\bismillah_pa\app\Views\pages\mahasiswa_view.php(28): CodeIgniter\Debug\Exceptions->errorHandler(8, 'Undefined varia...', 'C:\\xampp\\htdocs...', 28, Array)
#1 C:\xampp\htdocs\bismillah_pa\vendor\codeigniter4\framework\system\View\View.php(210): include('C:\\xampp\\htdocs...')
#2 C:\xampp\htdocs\bismillah_pa\vendor\codeigniter4\framework\system\View\View.php(213): CodeIgniter\View\View->CodeIgniter\View\{closure}()
#3 C:\xampp\htdocs\bismillah_pa\vendor\codeigniter4\framework\system\Common.php(1089): CodeIgniter\View\View->render('pages/mahasiswa...', Array, true)
#4 C:\xampp\htdocs\bismillah_pa\app\Controllers\pages.php(47): view('pages/mahasiswa...', Array)
#5 C:\xampp\htdocs\bismillah_pa\vendor\codeigniter4\framework\system\CodeIgniter.php(832): App\Controllers\Pages->mahasiswa_view()
#6 C:\xampp\htdocs\bismillah_pa\vendor\codeigniter4\framework\system\CodeIgniter.php(419): CodeIgniter\CodeIgniter->runController(Object(App\Controllers\Pages))
#7 C:\xampp\htdocs\bismillah_pa\vendor\codeigniter4\framework\system\CodeIgniter.php(326): CodeIgniter\CodeIgniter->handleRequest(NULL, Object(Config\Cache), false)
#8 C:\xampp\htdocs\bismillah_pa\public\index.php(37): CodeIgniter\CodeIgniter->run()
#9 C:\xampp\htdocs\bismillah_pa\vendor\codeigniter4\framework\system\Commands\Server\rewrite.php(43): require_once('C:\\xampp\\htdocs...')
#10 {main}
